This is pdfTeX, Version 3.141592653-2.6-1.40.24 (MiKTeX 22.10) (preloaded format=pdflatex 2023.2.2)  1 MAR 2023 18:16
entering extended mode
 restricted \write18 enabled.
 %&-line parsing enabled.
**"./ASIC Design.tex"
(ASIC Design.tex
LaTeX2e <2022-06-01> patch level 5
L3 programming layer <2022-09-28>
(C:\Users\Abdelazeem\AppData\Local\Programs\MiKTeX\tex/latex/beamer\beamer.cls
Document Class: beamer 2022/09/13 v3.68 A class for typesetting presentations

(C:\Users\Abdelazeem\AppData\Local\Programs\MiKTeX\tex/latex/beamer\beamerbasem
odes.sty
(C:\Users\Abdelazeem\AppData\Local\Programs\MiKTeX\tex/latex/etoolbox\etoolbox.
sty
Package: etoolbox 2020/10/05 v2.5k e-TeX tools for LaTeX (JAW)
\etb@tempcnta=\count185
)
\beamer@tempbox=\box51
\beamer@tempcount=\count186
\c@beamerpauses=\count187

(C:\Users\Abdelazeem\AppData\Local\Programs\MiKTeX\tex/latex/beamer\beamerbased
ecode.sty
\beamer@slideinframe=\count188
\beamer@minimum=\count189
\beamer@decode@box=\box52
)
\beamer@commentbox=\box53
\beamer@modecount=\count190
)
(C:\Users\Abdelazeem\AppData\Local\Programs\MiKTeX\tex/generic/iftex\iftex.sty
Package: iftex 2022/02/03 v1.0f TeX engine tests
)
\headdp=\dimen138
\footheight=\dimen139
\sidebarheight=\dimen140
\beamer@tempdim=\dimen141
\beamer@finalheight=\dimen142
\beamer@animht=\dimen143
\beamer@animdp=\dimen144
\beamer@animwd=\dimen145
\beamer@leftmargin=\dimen146
\beamer@rightmargin=\dimen147
\beamer@leftsidebar=\dimen148
\beamer@rightsidebar=\dimen149
\beamer@boxsize=\dimen150
\beamer@vboxoffset=\dimen151
\beamer@descdefault=\dimen152
\beamer@descriptionwidth=\dimen153
\beamer@lastskip=\skip47
\beamer@areabox=\box54
\beamer@animcurrent=\box55
\beamer@animshowbox=\box56
\beamer@sectionbox=\box57
\beamer@logobox=\box58
\beamer@linebox=\box59
\beamer@sectioncount=\count191
\beamer@subsubsectionmax=\count192
\beamer@subsectionmax=\count193
\beamer@sectionmax=\count194
\beamer@totalheads=\count195
\beamer@headcounter=\count196
\beamer@partstartpage=\count197
\beamer@sectionstartpage=\count198
\beamer@subsectionstartpage=\count199
\beamer@animationtempa=\count266
\beamer@animationtempb=\count267
\beamer@xpos=\count268
\beamer@ypos=\count269
\beamer@ypos@offset=\count270
\beamer@showpartnumber=\count271
\beamer@currentsubsection=\count272
\beamer@coveringdepth=\count273
\beamer@sectionadjust=\count274
\beamer@toclastsection=\count275
\beamer@tocsectionnumber=\count276

(C:\Users\Abdelazeem\AppData\Local\Programs\MiKTeX\tex/latex/beamer\beamerbaseo
ptions.sty
(C:\Users\Abdelazeem\AppData\Local\Programs\MiKTeX\tex/latex/graphics\keyval.st
y
Package: keyval 2022/05/29 v1.15 key=value parser (DPC)
\KV@toks@=\toks16
))
\beamer@paperwidth=\skip48
\beamer@paperheight=\skip49

(C:\Users\Abdelazeem\AppData\Local\Programs\MiKTeX\tex/latex/geometry\geometry.
sty
Package: geometry 2020/01/02 v5.9 Page Geometry

(C:\Users\Abdelazeem\AppData\Local\Programs\MiKTeX\tex/generic/iftex\ifvtex.sty
Package: ifvtex 2019/10/25 v1.7 ifvtex legacy package. Use iftex instead.
)
\Gm@cnth=\count277
\Gm@cntv=\count278
\c@Gm@tempcnt=\count279
\Gm@bindingoffset=\dimen154
\Gm@wd@mp=\dimen155
\Gm@odd@mp=\dimen156
\Gm@even@mp=\dimen157
\Gm@layoutwidth=\dimen158
\Gm@layoutheight=\dimen159
\Gm@layouthoffset=\dimen160
\Gm@layoutvoffset=\dimen161
\Gm@dimlist=\toks17

(C:\Users\Abdelazeem\AppData\Local\Programs\MiKTeX\tex/latex/geometry\geometry.
cfg))
(C:\Users\Abdelazeem\AppData\Local\Programs\MiKTeX\tex/latex/pgf/math\pgfmath.s
ty
(C:\Users\Abdelazeem\AppData\Local\Programs\MiKTeX\tex/latex/pgf/utilities\pgfr
cs.sty
(C:\Users\Abdelazeem\AppData\Local\Programs\MiKTeX\tex/generic/pgf/utilities\pg
futil-common.tex
\pgfutil@everybye=\toks18
\pgfutil@tempdima=\dimen162
\pgfutil@tempdimb=\dimen163

(C:\Users\Abdelazeem\AppData\Local\Programs\MiKTeX\tex/generic/pgf/utilities\pg
futil-common-lists.tex))
(C:\Users\Abdelazeem\AppData\Local\Programs\MiKTeX\tex/generic/pgf/utilities\pg
futil-latex.def
\pgfutil@abb=\box60
)
(C:\Users\Abdelazeem\AppData\Local\Programs\MiKTeX\tex/generic/pgf/utilities\pg
frcs.code.tex
(C:\Users\Abdelazeem\AppData\Local\Programs\MiKTeX\tex/generic/pgf\pgf.revision
.tex)
Package: pgfrcs 2021/05/15 v3.1.9a (3.1.9a)
))
(C:\Users\Abdelazeem\AppData\Local\Programs\MiKTeX\tex/latex/pgf/utilities\pgfk
eys.sty
(C:\Users\Abdelazeem\AppData\Local\Programs\MiKTeX\tex/generic/pgf/utilities\pg
fkeys.code.tex
\pgfkeys@pathtoks=\toks19
\pgfkeys@temptoks=\toks20

(C:\Users\Abdelazeem\AppData\Local\Programs\MiKTeX\tex/generic/pgf/utilities\pg
fkeysfiltered.code.tex
\pgfkeys@tmptoks=\toks21
)))
(C:\Users\Abdelazeem\AppData\Local\Programs\MiKTeX\tex/generic/pgf/math\pgfmath
.code.tex
(C:\Users\Abdelazeem\AppData\Local\Programs\MiKTeX\tex/generic/pgf/math\pgfmath
calc.code.tex
(C:\Users\Abdelazeem\AppData\Local\Programs\MiKTeX\tex/generic/pgf/math\pgfmath
util.code.tex
\pgf@x=\dimen164
\pgf@xa=\dimen165
\pgf@xb=\dimen166
\pgf@xc=\dimen167
\pgf@y=\dimen168
\pgf@ya=\dimen169
\pgf@yb=\dimen170
\pgf@yc=\dimen171
\c@pgf@counta=\count280
\c@pgf@countb=\count281
\c@pgf@countc=\count282
\c@pgf@countd=\count283
)
(C:\Users\Abdelazeem\AppData\Local\Programs\MiKTeX\tex/generic/pgf/math\pgfmath
parser.code.tex
\pgfmath@dimen=\dimen172
\pgfmath@count=\count284
\pgfmath@box=\box61
\pgfmath@toks=\toks22
\pgfmath@stack@operand=\toks23
\pgfmath@stack@operation=\toks24
)
(C:\Users\Abdelazeem\AppData\Local\Programs\MiKTeX\tex/generic/pgf/math\pgfmath
functions.code.tex
(C:\Users\Abdelazeem\AppData\Local\Programs\MiKTeX\tex/generic/pgf/math\pgfmath
functions.basic.code.tex)
(C:\Users\Abdelazeem\AppData\Local\Programs\MiKTeX\tex/generic/pgf/math\pgfmath
functions.trigonometric.code.tex)
(C:\Users\Abdelazeem\AppData\Local\Programs\MiKTeX\tex/generic/pgf/math\pgfmath
functions.random.code.tex)
(C:\Users\Abdelazeem\AppData\Local\Programs\MiKTeX\tex/generic/pgf/math\pgfmath
functions.comparison.code.tex)
(C:\Users\Abdelazeem\AppData\Local\Programs\MiKTeX\tex/generic/pgf/math\pgfmath
functions.base.code.tex)
(C:\Users\Abdelazeem\AppData\Local\Programs\MiKTeX\tex/generic/pgf/math\pgfmath
functions.round.code.tex)
(C:\Users\Abdelazeem\AppData\Local\Programs\MiKTeX\tex/generic/pgf/math\pgfmath
functions.misc.code.tex)
(C:\Users\Abdelazeem\AppData\Local\Programs\MiKTeX\tex/generic/pgf/math\pgfmath
functions.integerarithmetics.code.tex)))
(C:\Users\Abdelazeem\AppData\Local\Programs\MiKTeX\tex/generic/pgf/math\pgfmath
float.code.tex
\c@pgfmathroundto@lastzeros=\count285
)))
(C:\Users\Abdelazeem\AppData\Local\Programs\MiKTeX\tex/latex/base\size11.clo
File: size11.clo 2021/10/04 v1.4n Standard LaTeX file (size option)
)
(C:\Users\Abdelazeem\AppData\Local\Programs\MiKTeX\tex/latex/pgf/basiclayer\pgf
core.sty
(C:\Users\Abdelazeem\AppData\Local\Programs\MiKTeX\tex/latex/graphics\graphicx.
sty
Package: graphicx 2021/09/16 v1.2d Enhanced LaTeX Graphics (DPC,SPQR)

(C:\Users\Abdelazeem\AppData\Local\Programs\MiKTeX\tex/latex/graphics\graphics.
sty
Package: graphics 2022/03/10 v1.4e Standard LaTeX Graphics (DPC,SPQR)

(C:\Users\Abdelazeem\AppData\Local\Programs\MiKTeX\tex/latex/graphics\trig.sty
Package: trig 2021/08/11 v1.11 sin cos tan (DPC)
)
(C:\Users\Abdelazeem\AppData\Local\Programs\MiKTeX\tex/latex/graphics-cfg\graph
ics.cfg
File: graphics.cfg 2016/06/04 v1.11 sample graphics configuration
)
Package graphics Info: Driver file: pdftex.def on input line 107.

(C:\Users\Abdelazeem\AppData\Local\Programs\MiKTeX\tex/latex/graphics-def\pdfte
x.def
File: pdftex.def 2022/09/22 v1.2b Graphics/color driver for pdftex
\stockwidth=\dimen173
\stockheight=\dimen174
))
\Gin@req@height=\dimen175
\Gin@req@width=\dimen176
)
(C:\Users\Abdelazeem\AppData\Local\Programs\MiKTeX\tex/latex/pgf/systemlayer\pg
fsys.sty
(C:\Users\Abdelazeem\AppData\Local\Programs\MiKTeX\tex/generic/pgf/systemlayer\
pgfsys.code.tex
Package: pgfsys 2021/05/15 v3.1.9a (3.1.9a)

(C:\Users\Abdelazeem\AppData\Local\Programs\MiKTeX\tex/generic/pgf/utilities\pg
fkeys.code.tex)
\pgf@x=\dimen177
\pgf@y=\dimen178
\pgf@xa=\dimen179
\pgf@ya=\dimen180
\pgf@xb=\dimen181
\pgf@yb=\dimen182
\pgf@xc=\dimen183
\pgf@yc=\dimen184
\pgf@xd=\dimen185
\pgf@yd=\dimen186
\w@pgf@writea=\write3
\r@pgf@reada=\read2
\c@pgf@counta=\count286
\c@pgf@countb=\count287
\c@pgf@countc=\count288
\c@pgf@countd=\count289
\t@pgf@toka=\toks25
\t@pgf@tokb=\toks26
\t@pgf@tokc=\toks27
\pgf@sys@id@count=\count290

(C:\Users\Abdelazeem\AppData\Local\Programs\MiKTeX\tex/generic/pgf/systemlayer\
pgf.cfg
File: pgf.cfg 2021/05/15 v3.1.9a (3.1.9a)
)
Driver file for pgf: pgfsys-pdftex.def

(C:\Users\Abdelazeem\AppData\Local\Programs\MiKTeX\tex/generic/pgf/systemlayer\
pgfsys-pdftex.def
File: pgfsys-pdftex.def 2021/05/15 v3.1.9a (3.1.9a)

(C:\Users\Abdelazeem\AppData\Local\Programs\MiKTeX\tex/generic/pgf/systemlayer\
pgfsys-common-pdf.def
File: pgfsys-common-pdf.def 2021/05/15 v3.1.9a (3.1.9a)
)))
(C:\Users\Abdelazeem\AppData\Local\Programs\MiKTeX\tex/generic/pgf/systemlayer\
pgfsyssoftpath.code.tex
File: pgfsyssoftpath.code.tex 2021/05/15 v3.1.9a (3.1.9a)
\pgfsyssoftpath@smallbuffer@items=\count291
\pgfsyssoftpath@bigbuffer@items=\count292
)
(C:\Users\Abdelazeem\AppData\Local\Programs\MiKTeX\tex/generic/pgf/systemlayer\
pgfsysprotocol.code.tex
File: pgfsysprotocol.code.tex 2021/05/15 v3.1.9a (3.1.9a)
))
(C:\Users\Abdelazeem\AppData\Local\Programs\MiKTeX\tex/latex/xcolor\xcolor.sty
Package: xcolor 2022/06/12 v2.14 LaTeX color extensions (UK)

(C:\Users\Abdelazeem\AppData\Local\Programs\MiKTeX\tex/latex/graphics-cfg\color
.cfg
File: color.cfg 2016/01/02 v1.6 sample color configuration
)
Package xcolor Info: Driver file: pdftex.def on input line 227.

(C:\Users\Abdelazeem\AppData\Local\Programs\MiKTeX\tex/latex/graphics\mathcolor
.ltx)
Package xcolor Info: Model `cmy' substituted by `cmy0' on input line 1353.
Package xcolor Info: Model `hsb' substituted by `rgb' on input line 1357.
Package xcolor Info: Model `RGB' extended on input line 1369.
Package xcolor Info: Model `HTML' substituted by `rgb' on input line 1371.
Package xcolor Info: Model `Hsb' substituted by `hsb' on input line 1372.
Package xcolor Info: Model `tHsb' substituted by `hsb' on input line 1373.
Package xcolor Info: Model `HSB' substituted by `hsb' on input line 1374.
Package xcolor Info: Model `Gray' substituted by `gray' on input line 1375.
Package xcolor Info: Model `wave' substituted by `hsb' on input line 1376.
)
(C:\Users\Abdelazeem\AppData\Local\Programs\MiKTeX\tex/generic/pgf/basiclayer\p
gfcore.code.tex
Package: pgfcore 2021/05/15 v3.1.9a (3.1.9a)

(C:\Users\Abdelazeem\AppData\Local\Programs\MiKTeX\tex/generic/pgf/math\pgfmath
.code.tex)
(C:\Users\Abdelazeem\AppData\Local\Programs\MiKTeX\tex/generic/pgf/math\pgfint.
code.tex)
(C:\Users\Abdelazeem\AppData\Local\Programs\MiKTeX\tex/generic/pgf/basiclayer\p
gfcorepoints.code.tex
File: pgfcorepoints.code.tex 2021/05/15 v3.1.9a (3.1.9a)
\pgf@picminx=\dimen187
\pgf@picmaxx=\dimen188
\pgf@picminy=\dimen189
\pgf@picmaxy=\dimen190
\pgf@pathminx=\dimen191
\pgf@pathmaxx=\dimen192
\pgf@pathminy=\dimen193
\pgf@pathmaxy=\dimen194
\pgf@xx=\dimen195
\pgf@xy=\dimen196
\pgf@yx=\dimen197
\pgf@yy=\dimen198
\pgf@zx=\dimen199
\pgf@zy=\dimen256
)
(C:\Users\Abdelazeem\AppData\Local\Programs\MiKTeX\tex/generic/pgf/basiclayer\p
gfcorepathconstruct.code.tex
File: pgfcorepathconstruct.code.tex 2021/05/15 v3.1.9a (3.1.9a)
\pgf@path@lastx=\dimen257
\pgf@path@lasty=\dimen258
)
(C:\Users\Abdelazeem\AppData\Local\Programs\MiKTeX\tex/generic/pgf/basiclayer\p
gfcorepathusage.code.tex
File: pgfcorepathusage.code.tex 2021/05/15 v3.1.9a (3.1.9a)
\pgf@shorten@end@additional=\dimen259
\pgf@shorten@start@additional=\dimen260
)
(C:\Users\Abdelazeem\AppData\Local\Programs\MiKTeX\tex/generic/pgf/basiclayer\p
gfcorescopes.code.tex
File: pgfcorescopes.code.tex 2021/05/15 v3.1.9a (3.1.9a)
\pgfpic=\box62
\pgf@hbox=\box63
\pgf@layerbox@main=\box64
\pgf@picture@serial@count=\count293
)
(C:\Users\Abdelazeem\AppData\Local\Programs\MiKTeX\tex/generic/pgf/basiclayer\p
gfcoregraphicstate.code.tex
File: pgfcoregraphicstate.code.tex 2021/05/15 v3.1.9a (3.1.9a)
\pgflinewidth=\dimen261
)
(C:\Users\Abdelazeem\AppData\Local\Programs\MiKTeX\tex/generic/pgf/basiclayer\p
gfcoretransformations.code.tex
File: pgfcoretransformations.code.tex 2021/05/15 v3.1.9a (3.1.9a)
\pgf@pt@x=\dimen262
\pgf@pt@y=\dimen263
\pgf@pt@temp=\dimen264
)
(C:\Users\Abdelazeem\AppData\Local\Programs\MiKTeX\tex/generic/pgf/basiclayer\p
gfcorequick.code.tex
File: pgfcorequick.code.tex 2021/05/15 v3.1.9a (3.1.9a)
)
(C:\Users\Abdelazeem\AppData\Local\Programs\MiKTeX\tex/generic/pgf/basiclayer\p
gfcoreobjects.code.tex
File: pgfcoreobjects.code.tex 2021/05/15 v3.1.9a (3.1.9a)
)
(C:\Users\Abdelazeem\AppData\Local\Programs\MiKTeX\tex/generic/pgf/basiclayer\p
gfcorepathprocessing.code.tex
File: pgfcorepathprocessing.code.tex 2021/05/15 v3.1.9a (3.1.9a)
)
(C:\Users\Abdelazeem\AppData\Local\Programs\MiKTeX\tex/generic/pgf/basiclayer\p
gfcorearrows.code.tex
File: pgfcorearrows.code.tex 2021/05/15 v3.1.9a (3.1.9a)
\pgfarrowsep=\dimen265
)
(C:\Users\Abdelazeem\AppData\Local\Programs\MiKTeX\tex/generic/pgf/basiclayer\p
gfcoreshade.code.tex
File: pgfcoreshade.code.tex 2021/05/15 v3.1.9a (3.1.9a)
\pgf@max=\dimen266
\pgf@sys@shading@range@num=\count294
\pgf@shadingcount=\count295
)
(C:\Users\Abdelazeem\AppData\Local\Programs\MiKTeX\tex/generic/pgf/basiclayer\p
gfcoreimage.code.tex
File: pgfcoreimage.code.tex 2021/05/15 v3.1.9a (3.1.9a)

(C:\Users\Abdelazeem\AppData\Local\Programs\MiKTeX\tex/generic/pgf/basiclayer\p
gfcoreexternal.code.tex
File: pgfcoreexternal.code.tex 2021/05/15 v3.1.9a (3.1.9a)
\pgfexternal@startupbox=\box65
))
(C:\Users\Abdelazeem\AppData\Local\Programs\MiKTeX\tex/generic/pgf/basiclayer\p
gfcorelayers.code.tex
File: pgfcorelayers.code.tex 2021/05/15 v3.1.9a (3.1.9a)
)
(C:\Users\Abdelazeem\AppData\Local\Programs\MiKTeX\tex/generic/pgf/basiclayer\p
gfcoretransparency.code.tex
File: pgfcoretransparency.code.tex 2021/05/15 v3.1.9a (3.1.9a)
)
(C:\Users\Abdelazeem\AppData\Local\Programs\MiKTeX\tex/generic/pgf/basiclayer\p
gfcorepatterns.code.tex
File: pgfcorepatterns.code.tex 2021/05/15 v3.1.9a (3.1.9a)
)
(C:\Users\Abdelazeem\AppData\Local\Programs\MiKTeX\tex/generic/pgf/basiclayer\p
gfcorerdf.code.tex
File: pgfcorerdf.code.tex 2021/05/15 v3.1.9a (3.1.9a)
)))
(C:\Users\Abdelazeem\AppData\Local\Programs\MiKTeX\tex/latex/pgf/utilities\xxco
lor.sty
Package: xxcolor 2003/10/24 ver 0.1
\XC@nummixins=\count296
\XC@countmixins=\count297
)
(C:\Users\Abdelazeem\AppData\Local\Programs\MiKTeX\tex/latex/base\atbegshi-ltx.
sty
Package: atbegshi-ltx 2021/01/10 v1.0c Emulation of the original atbegshi
package with kernel methods
)
(C:\Users\Abdelazeem\AppData\Local\Programs\MiKTeX\tex/latex/hyperref\hyperref.
sty
Package: hyperref 2022-09-22 v7.00t Hypertext links for LaTeX

(C:\Users\Abdelazeem\AppData\Local\Programs\MiKTeX\tex/generic/ltxcmds\ltxcmds.
sty
Package: ltxcmds 2020-05-10 v1.25 LaTeX kernel commands for general use (HO)
)
(C:\Users\Abdelazeem\AppData\Local\Programs\MiKTeX\tex/generic/pdftexcmds\pdfte
xcmds.sty
Package: pdftexcmds 2020-06-27 v0.33 Utility functions of pdfTeX for LuaTeX (HO
)

(C:\Users\Abdelazeem\AppData\Local\Programs\MiKTeX\tex/generic/infwarerr\infwar
err.sty
Package: infwarerr 2019/12/03 v1.5 Providing info/warning/error messages (HO)
)
Package pdftexcmds Info: \pdf@primitive is available.
Package pdftexcmds Info: \pdf@ifprimitive is available.
Package pdftexcmds Info: \pdfdraftmode found.
)
(C:\Users\Abdelazeem\AppData\Local\Programs\MiKTeX\tex/latex/kvsetkeys\kvsetkey
s.sty
Package: kvsetkeys 2022-10-05 v1.19 Key value parser (HO)
)
(C:\Users\Abdelazeem\AppData\Local\Programs\MiKTeX\tex/generic/kvdefinekeys\kvd
efinekeys.sty
Package: kvdefinekeys 2019-12-19 v1.6 Define keys (HO)
)
(C:\Users\Abdelazeem\AppData\Local\Programs\MiKTeX\tex/generic/pdfescape\pdfesc
ape.sty
Package: pdfescape 2019/12/09 v1.15 Implements pdfTeX's escape features (HO)
)
(C:\Users\Abdelazeem\AppData\Local\Programs\MiKTeX\tex/latex/hycolor\hycolor.st
y
Package: hycolor 2020-01-27 v1.10 Color options for hyperref/bookmark (HO)
)
(C:\Users\Abdelazeem\AppData\Local\Programs\MiKTeX\tex/latex/letltxmacro\letltx
macro.sty
Package: letltxmacro 2019/12/03 v1.6 Let assignment for LaTeX macros (HO)
)
(C:\Users\Abdelazeem\AppData\Local\Programs\MiKTeX\tex/latex/auxhook\auxhook.st
y
Package: auxhook 2019-12-17 v1.6 Hooks for auxiliary files (HO)
)
(C:\Users\Abdelazeem\AppData\Local\Programs\MiKTeX\tex/latex/hyperref\nameref.s
ty
Package: nameref 2022-05-17 v2.50 Cross-referencing by name of section

(C:\Users\Abdelazeem\AppData\Local\Programs\MiKTeX\tex/latex/refcount\refcount.
sty
Package: refcount 2019/12/15 v3.6 Data extraction from label references (HO)
)
(C:\Users\Abdelazeem\AppData\Local\Programs\MiKTeX\tex/generic/gettitlestring\g
ettitlestring.sty
Package: gettitlestring 2019/12/15 v1.6 Cleanup title references (HO)

(C:\Users\Abdelazeem\AppData\Local\Programs\MiKTeX\tex/latex/kvoptions\kvoption
s.sty
Package: kvoptions 2022-06-15 v3.15 Key value format for package options (HO)
))
\c@section@level=\count298
)
\@linkdim=\dimen267
\Hy@linkcounter=\count299
\Hy@pagecounter=\count300

(C:\Users\Abdelazeem\AppData\Local\Programs\MiKTeX\tex/latex/hyperref\pd1enc.de
f
File: pd1enc.def 2022-09-22 v7.00t Hyperref: PDFDocEncoding definition (HO)
Now handling font encoding PD1 ...
... no UTF-8 mapping file for font encoding PD1
)
(C:\Users\Abdelazeem\AppData\Local\Programs\MiKTeX\tex/generic/intcalc\intcalc.
sty
Package: intcalc 2019/12/15 v1.3 Expandable calculations with integers (HO)
)
(C:\Users\Abdelazeem\AppData\Local\Programs\MiKTeX\tex/generic/etexcmds\etexcmd
s.sty
Package: etexcmds 2019/12/15 v1.7 Avoid name clashes with e-TeX commands (HO)
)
\Hy@SavedSpaceFactor=\count301

(C:\Users\Abdelazeem\AppData\Local\Programs\MiKTeX\tex/latex/hyperref\puenc.def
File: puenc.def 2022-09-22 v7.00t Hyperref: PDF Unicode definition (HO)
Now handling font encoding PU ...
... no UTF-8 mapping file for font encoding PU
)
Package hyperref Info: Option `bookmarks' set `true' on input line 4045.
Package hyperref Info: Option `bookmarksopen' set `true' on input line 4045.
Package hyperref Info: Option `implicit' set `false' on input line 4045.
Package hyperref Info: Hyper figures OFF on input line 4162.
Package hyperref Info: Link nesting OFF on input line 4167.
Package hyperref Info: Hyper index ON on input line 4170.
Package hyperref Info: Plain pages OFF on input line 4177.
Package hyperref Info: Backreferencing OFF on input line 4182.
Package hyperref Info: Implicit mode OFF; no redefinition of LaTeX internals.
Package hyperref Info: Bookmarks ON on input line 4410.
\c@Hy@tempcnt=\count302
 (C:\Users\Abdelazeem\AppData\Local\Programs\MiKTeX\tex/latex/url\url.sty
\Urlmuskip=\muskip16
Package: url 2013/09/16  ver 3.4  Verb mode for urls, etc.
)
LaTeX Info: Redefining \url on input line 4748.
\XeTeXLinkMargin=\dimen268

(C:\Users\Abdelazeem\AppData\Local\Programs\MiKTeX\tex/generic/bitset\bitset.st
y
Package: bitset 2019/12/09 v1.3 Handle bit-vector datatype (HO)

(C:\Users\Abdelazeem\AppData\Local\Programs\MiKTeX\tex/generic/bigintcalc\bigin
tcalc.sty
Package: bigintcalc 2019/12/15 v1.5 Expandable calculations on big integers (HO
)
))
\Fld@menulength=\count303
\Field@Width=\dimen269
\Fld@charsize=\dimen270
Package hyperref Info: Hyper figures OFF on input line 6027.
Package hyperref Info: Link nesting OFF on input line 6032.
Package hyperref Info: Hyper index ON on input line 6035.
Package hyperref Info: backreferencing OFF on input line 6042.
Package hyperref Info: Link coloring OFF on input line 6047.
Package hyperref Info: Link coloring with OCG OFF on input line 6052.
Package hyperref Info: PDF/A mode OFF on input line 6057.
\Hy@abspage=\count304


Package hyperref Message: Stopped early.

)
Package hyperref Info: Driver (autodetected): hpdftex.

(C:\Users\Abdelazeem\AppData\Local\Programs\MiKTeX\tex/latex/hyperref\hpdftex.d
ef
File: hpdftex.def 2022-09-22 v7.00t Hyperref driver for pdfTeX

(C:\Users\Abdelazeem\AppData\Local\Programs\MiKTeX\tex/latex/base\atveryend-ltx
.sty
Package: atveryend-ltx 2020/08/19 v1.0a Emulation of the original atveryend pac
kage
with kernel methods
)
\Fld@listcount=\count305
\c@bookmark@seq@number=\count306

(C:\Users\Abdelazeem\AppData\Local\Programs\MiKTeX\tex/latex/rerunfilecheck\rer
unfilecheck.sty
Package: rerunfilecheck 2022-07-10 v1.10 Rerun checks for auxiliary files (HO)

(C:\Users\Abdelazeem\AppData\Local\Programs\MiKTeX\tex/generic/uniquecounter\un
iquecounter.sty
Package: uniquecounter 2019/12/15 v1.4 Provide unlimited unique counter (HO)
)
Package uniquecounter Info: New unique counter `rerunfilecheck' on input line 2
85.
))
(C:\Users\Abdelazeem\AppData\Local\Programs\MiKTeX\tex/latex/beamer\beamerbaser
equires.sty
(C:\Users\Abdelazeem\AppData\Local\Programs\MiKTeX\tex/latex/beamer\beamerbasec
ompatibility.sty)
(C:\Users\Abdelazeem\AppData\Local\Programs\MiKTeX\tex/latex/beamer\beamerbasef
ont.sty
(C:\Users\Abdelazeem\AppData\Local\Programs\MiKTeX\tex/latex/amsfonts\amssymb.s
ty
Package: amssymb 2013/01/14 v3.01 AMS font symbols

(C:\Users\Abdelazeem\AppData\Local\Programs\MiKTeX\tex/latex/amsfonts\amsfonts.
sty
Package: amsfonts 2013/01/14 v3.01 Basic AMSFonts support
\@emptytoks=\toks28
\symAMSa=\mathgroup4
\symAMSb=\mathgroup5
LaTeX Font Info:    Redeclaring math symbol \hbar on input line 98.
LaTeX Font Info:    Overwriting math alphabet `\mathfrak' in version `bold'
(Font)                  U/euf/m/n --> U/euf/b/n on input line 106.
))
(C:\Users\Abdelazeem\AppData\Local\Programs\MiKTeX\tex/latex/sansmathaccent\san
smathaccent.sty
Package: sansmathaccent 2020/01/31

(C:\Users\Abdelazeem\AppData\Local\Programs\MiKTeX\tex/latex/koma-script\scrlfi
le.sty
Package: scrlfile 2022/10/12 v3.38 KOMA-Script package (file load hooks)

(C:\Users\Abdelazeem\AppData\Local\Programs\MiKTeX\tex/latex/koma-script\scrlfi
le-hook.sty
Package: scrlfile-hook 2022/10/12 v3.38 KOMA-Script package (using LaTeX hooks)


(C:\Users\Abdelazeem\AppData\Local\Programs\MiKTeX\tex/latex/koma-script\scrlog
o.sty
Package: scrlogo 2022/10/12 v3.38 KOMA-Script package (logo)
)))))
(C:\Users\Abdelazeem\AppData\Local\Programs\MiKTeX\tex/latex/beamer\beamerbaset
ranslator.sty
(C:\Users\Abdelazeem\AppData\Local\Programs\MiKTeX\tex/latex/translator\transla
tor.sty
Package: translator 2021-05-31 v1.12d Easy translation of strings in LaTeX
))
(C:\Users\Abdelazeem\AppData\Local\Programs\MiKTeX\tex/latex/beamer\beamerbasem
isc.sty)
(C:\Users\Abdelazeem\AppData\Local\Programs\MiKTeX\tex/latex/beamer\beamerbaset
woscreens.sty)
(C:\Users\Abdelazeem\AppData\Local\Programs\MiKTeX\tex/latex/beamer\beamerbaseo
verlay.sty
\beamer@argscount=\count307
\beamer@lastskipcover=\skip50
\beamer@trivlistdepth=\count308
)
(C:\Users\Abdelazeem\AppData\Local\Programs\MiKTeX\tex/latex/beamer\beamerbaset
itle.sty)
(C:\Users\Abdelazeem\AppData\Local\Programs\MiKTeX\tex/latex/beamer\beamerbases
ection.sty
\c@lecture=\count309
\c@part=\count310
\c@section=\count311
\c@subsection=\count312
\c@subsubsection=\count313
)
(C:\Users\Abdelazeem\AppData\Local\Programs\MiKTeX\tex/latex/beamer\beamerbasef
rame.sty
\beamer@framebox=\box66
\beamer@frametitlebox=\box67
\beamer@zoombox=\box68
\beamer@zoomcount=\count314
\beamer@zoomframecount=\count315
\beamer@frametextheight=\dimen271
\c@subsectionslide=\count316
\beamer@frametopskip=\skip51
\beamer@framebottomskip=\skip52
\beamer@frametopskipautobreak=\skip53
\beamer@framebottomskipautobreak=\skip54
\beamer@envbody=\toks29
\framewidth=\dimen272
\c@framenumber=\count317
)
(C:\Users\Abdelazeem\AppData\Local\Programs\MiKTeX\tex/latex/beamer\beamerbasev
erbatim.sty
\beamer@verbatimfileout=\write4
)
(C:\Users\Abdelazeem\AppData\Local\Programs\MiKTeX\tex/latex/beamer\beamerbasef
ramesize.sty
\beamer@splitbox=\box69
\beamer@autobreakcount=\count318
\beamer@autobreaklastheight=\dimen273
\beamer@frametitletoks=\toks30
\beamer@framesubtitletoks=\toks31
)
(C:\Users\Abdelazeem\AppData\Local\Programs\MiKTeX\tex/latex/beamer\beamerbasef
ramecomponents.sty
\beamer@footins=\box70
)
(C:\Users\Abdelazeem\AppData\Local\Programs\MiKTeX\tex/latex/beamer\beamerbasec
olor.sty)
(C:\Users\Abdelazeem\AppData\Local\Programs\MiKTeX\tex/latex/beamer\beamerbasen
otes.sty
\beamer@frameboxcopy=\box71
)
(C:\Users\Abdelazeem\AppData\Local\Programs\MiKTeX\tex/latex/beamer\beamerbaset
oc.sty)
(C:\Users\Abdelazeem\AppData\Local\Programs\MiKTeX\tex/latex/beamer\beamerbaset
emplates.sty
\beamer@sbttoks=\toks32

(C:\Users\Abdelazeem\AppData\Local\Programs\MiKTeX\tex/latex/beamer\beamerbasea
uxtemplates.sty
(C:\Users\Abdelazeem\AppData\Local\Programs\MiKTeX\tex/latex/beamer\beamerbaseb
oxes.sty
\bmb@box=\box72
\bmb@colorbox=\box73
\bmb@boxwidth=\dimen274
\bmb@boxheight=\dimen275
\bmb@prevheight=\dimen276
\bmb@temp=\dimen277
\bmb@dima=\dimen278
\bmb@dimb=\dimen279
\bmb@prevheight=\dimen280
)
\beamer@blockheadheight=\dimen281
))
(C:\Users\Abdelazeem\AppData\Local\Programs\MiKTeX\tex/latex/beamer\beamerbasel
ocalstructure.sty
(C:\Users\Abdelazeem\AppData\Local\Programs\MiKTeX\tex/latex/tools\enumerate.st
y
Package: enumerate 2015/07/23 v3.00 enumerate extensions (DPC)
\@enLab=\toks33
)
\beamer@bibiconwidth=\skip55
\c@figure=\count319
\c@table=\count320
\abovecaptionskip=\skip56
\belowcaptionskip=\skip57
)
(C:\Users\Abdelazeem\AppData\Local\Programs\MiKTeX\tex/latex/beamer\beamerbasen
avigation.sty
\beamer@section@min@dim=\dimen282
)
(C:\Users\Abdelazeem\AppData\Local\Programs\MiKTeX\tex/latex/beamer\beamerbaset
heorems.sty
(C:\Users\Abdelazeem\AppData\Local\Programs\MiKTeX\tex/latex/amsmath\amsmath.st
y
Package: amsmath 2022/04/08 v2.17n AMS math features
\@mathmargin=\skip58

For additional information on amsmath, use the `?' option.

(C:\Users\Abdelazeem\AppData\Local\Programs\MiKTeX\tex/latex/amsmath\amstext.st
y
Package: amstext 2021/08/26 v2.01 AMS text

(C:\Users\Abdelazeem\AppData\Local\Programs\MiKTeX\tex/latex/amsmath\amsgen.sty
File: amsgen.sty 1999/11/30 v2.0 generic functions
\@emptytoks=\toks34
\ex@=\dimen283
))
(C:\Users\Abdelazeem\AppData\Local\Programs\MiKTeX\tex/latex/amsmath\amsbsy.sty
Package: amsbsy 1999/11/29 v1.2d Bold Symbols
\pmbraise@=\dimen284
)
(C:\Users\Abdelazeem\AppData\Local\Programs\MiKTeX\tex/latex/amsmath\amsopn.sty
Package: amsopn 2022/04/08 v2.04 operator names
)
\inf@bad=\count321
LaTeX Info: Redefining \frac on input line 234.
\uproot@=\count322
\leftroot@=\count323
LaTeX Info: Redefining \overline on input line 399.
LaTeX Info: Redefining \colon on input line 410.
\classnum@=\count324
\DOTSCASE@=\count325
LaTeX Info: Redefining \ldots on input line 496.
LaTeX Info: Redefining \dots on input line 499.
LaTeX Info: Redefining \cdots on input line 620.
\Mathstrutbox@=\box74
\strutbox@=\box75
LaTeX Info: Redefining \big on input line 722.
LaTeX Info: Redefining \Big on input line 723.
LaTeX Info: Redefining \bigg on input line 724.
LaTeX Info: Redefining \Bigg on input line 725.
\big@size=\dimen285
LaTeX Font Info:    Redeclaring font encoding OML on input line 743.
LaTeX Font Info:    Redeclaring font encoding OMS on input line 744.
\macc@depth=\count326
LaTeX Info: Redefining \bmod on input line 905.
LaTeX Info: Redefining \pmod on input line 910.
LaTeX Info: Redefining \smash on input line 940.
LaTeX Info: Redefining \relbar on input line 970.
LaTeX Info: Redefining \Relbar on input line 971.
\c@MaxMatrixCols=\count327
\dotsspace@=\muskip17
\c@parentequation=\count328
\dspbrk@lvl=\count329
\tag@help=\toks35
\row@=\count330
\column@=\count331
\maxfields@=\count332
\andhelp@=\toks36
\eqnshift@=\dimen286
\alignsep@=\dimen287
\tagshift@=\dimen288
\tagwidth@=\dimen289
\totwidth@=\dimen290
\lineht@=\dimen291
\@envbody=\toks37
\multlinegap=\skip59
\multlinetaggap=\skip60
\mathdisplay@stack=\toks38
LaTeX Info: Redefining \[ on input line 2953.
LaTeX Info: Redefining \] on input line 2954.
)
(C:\Users\Abdelazeem\AppData\Local\Programs\MiKTeX\tex/latex/amscls\amsthm.sty
Package: amsthm 2020/05/29 v2.20.6
\thm@style=\toks39
\thm@bodyfont=\toks40
\thm@headfont=\toks41
\thm@notefont=\toks42
\thm@headpunct=\toks43
\thm@preskip=\skip61
\thm@postskip=\skip62
\thm@headsep=\skip63
\dth@everypar=\toks44
)
\c@theorem=\count333
)
(C:\Users\Abdelazeem\AppData\Local\Programs\MiKTeX\tex/latex/beamer\beamerbaset
hemes.sty))
(C:\Users\Abdelazeem\AppData\Local\Programs\MiKTeX\tex/latex/beamer\beamertheme
default.sty
(C:\Users\Abdelazeem\AppData\Local\Programs\MiKTeX\tex/latex/beamer\beamerfontt
hemedefault.sty)
(C:\Users\Abdelazeem\AppData\Local\Programs\MiKTeX\tex/latex/beamer\beamercolor
themedefault.sty)
(C:\Users\Abdelazeem\AppData\Local\Programs\MiKTeX\tex/latex/beamer\beamerinner
themedefault.sty
\beamer@dima=\dimen292
\beamer@dimb=\dimen293
)
(C:\Users\Abdelazeem\AppData\Local\Programs\MiKTeX\tex/latex/beamer\beamerouter
themedefault.sty)))
(C:\Users\Abdelazeem\AppData\Local\Programs\MiKTeX\tex/latex/beamer\beamertheme
Luebeck.sty
(C:\Users\Abdelazeem\AppData\Local\Programs\MiKTeX\tex/latex/beamer\beamerouter
themesplit.sty)
(C:\Users\Abdelazeem\AppData\Local\Programs\MiKTeX\tex/latex/beamer\beamerinner
themerectangles.sty)
(C:\Users\Abdelazeem\AppData\Local\Programs\MiKTeX\tex/latex/beamer\beamercolor
themewhale.sty)
(C:\Users\Abdelazeem\AppData\Local\Programs\MiKTeX\tex/latex/beamer\beamercolor
themeorchid.sty))
(C:\Users\Abdelazeem\AppData\Local\Programs\MiKTeX\tex/latex/base\inputenc.sty
Package: inputenc 2021/02/14 v1.3d Input encoding file
\inpenc@prehook=\toks45
\inpenc@posthook=\toks46
) (C:\Users\Abdelazeem\AppData\Local\Programs\MiKTeX\tex/latex/subfig\subfig.st
y
Package: subfig 2005/06/28 ver: 1.3 subfig package

(C:\Users\Abdelazeem\AppData\Local\Programs\MiKTeX\tex/latex/caption\caption.st
y
Package: caption 2022/03/01 v3.6b Customizing captions (AR)

(C:\Users\Abdelazeem\AppData\Local\Programs\MiKTeX\tex/latex/caption\caption3.s
ty
Package: caption3 2022/03/17 v2.3b caption3 kernel (AR)
\caption@tempdima=\dimen294
\captionmargin=\dimen295
\caption@leftmargin=\dimen296
\caption@rightmargin=\dimen297
\caption@width=\dimen298
\caption@indent=\dimen299
\caption@parindent=\dimen300
\caption@hangindent=\dimen301
Package caption Info: beamer document class detected.

(C:\Users\Abdelazeem\AppData\Local\Programs\MiKTeX\tex/latex/caption\caption-be
amer.sto
File: caption-beamer.sto 2022/01/06 v2.0c Adaption of the caption package to th
e beamer document classes (AR)
))
\c@caption@flags=\count334
\c@continuedfloat=\count335
Package caption Info: hyperref package is loaded.
Package caption Info: Hyperref support is turned off
(caption)             because hyperref has stopped early.
)
\c@KVtest=\count336
\sf@farskip=\skip64
\sf@captopadj=\dimen302
\sf@capskip=\skip65
\sf@nearskip=\skip66
\c@subfigure=\count337
\c@subfigure@save=\count338
\c@depth=\count339
\c@subtable=\count340
\c@subtable@save=\count341
\sf@top=\skip67
\sf@bottom=\skip68
)
(C:\Users\Abdelazeem\AppData\Local\Programs\MiKTeX\tex/latex/psnfss\utopia.sty
Package: utopia 2020/03/25 PSNFSS-v9.3 (P.Dyballa) 


Package utopia Warning: This package is to be regarded as obsolete.
(utopia)                See the PSNFSS documentation.

)
(C:\Users\Abdelazeem\AppData\Local\Programs\MiKTeX\tex/latex/arabtex\arabtex.st
y
(C:\Users\Abdelazeem\AppData\Local\Programs\MiKTeX\tex/latex/arabtex\aconfig.st
y
LaTeX2e detected 
\a@moduledate=\count342
\a@maindate=\count343
)
Package: arabtex 2003/08/22  3.11 ArabTeX main module

(C:\Users\Abdelazeem\AppData\Local\Programs\MiKTeX\tex/latex/arabtex\arabaux.st
y
Package: arabaux 2003/05/21  3.11 auxiliary macros for ArabTeX
)
(C:\Users\Abdelazeem\AppData\Local\Programs\MiKTeX\tex/latex/arabtex\acmd.sty
Package: acmd 2003/08/20  3.11 Arabic command processing 
)
(C:\Users\Abdelazeem\AppData\Local\Programs\MiKTeX\tex/latex/arabtex\afonts.sty
Package: afonts 1995/11/16  3.04 define Naskh font 

(C:\Users\Abdelazeem\AppData\Local\Programs\MiKTeX\tex/latex/arabtex\afonts2.st
y
Package: afonts2 1998/10/19  3.10 define Naskh fonts for LaTeX2e
))
(C:\Users\Abdelazeem\AppData\Local\Programs\MiKTeX\tex/latex/arabtex\ascan.sty
Package: ascan 2003/08/22  3.11 standard ZDMG input encoding 

(ArabTeX) scanner for code `arabtex' installed.
(ArabTeX) input encoding set to ArabTeX standard conventions.)
(C:\Users\Abdelazeem\AppData\Local\Programs\MiKTeX\tex/latex/arabtex\aparse.sty
Package: aparse 2003/05/26  3.11 get syllables 
)
(C:\Users\Abdelazeem\AppData\Local\Programs\MiKTeX\tex/latex/arabtex\awrite.sty
Package: awrite 2003/06/05  3.11 build output word 

(C:\Users\Abdelazeem\AppData\Local\Programs\MiKTeX\tex/latex/arabtex\xarbsymb.s
ty
Package: xarbsymb 1998/07/15  3.07 symbolic output encoding 
)
(C:\Users\Abdelazeem\AppData\Local\Programs\MiKTeX\tex/latex/arabtex\arabskel.s
ty
Package: arabskel 2000/06/04  3.10 character skeleton definitions 
)
(C:\Users\Abdelazeem\AppData\Local\Programs\MiKTeX\tex/latex/arabtex\xarbskel.s
ty
Package: xarbskel 1999/07/17  3.09 character skeleton definitions 
)
(C:\Users\Abdelazeem\AppData\Local\Programs\MiKTeX\tex/latex/arabtex\aboxes.sty
Package: aboxes 2003/05/28  3.11 build output boxes
)
(C:\Users\Abdelazeem\AppData\Local\Programs\MiKTeX\tex/latex/arabtex\arabtoks.s
ty
Package: arabtoks 1999/07/17  3.09 ArabTeX CS token definitions 
)
(C:\Users\Abdelazeem\AppData\Local\Programs\MiKTeX\tex/latex/arabtex\arabchrs.s
ty
Package: arabchrs 1998/07/11  3.07 letter token definitions 
))
(C:\Users\Abdelazeem\AppData\Local\Programs\MiKTeX\tex/latex/arabtex\aligs.sty
Package: aligs 2003/05/26  3.11 compute ligatures
)
(C:\Users\Abdelazeem\AppData\Local\Programs\MiKTeX\tex/latex/arabtex\aoutput.st
y
Package: aoutput 2000/06/04  3.10 build output lines
)
(C:\Users\Abdelazeem\AppData\Local\Programs\MiKTeX\tex/latex/arabtex\abidir.sty
Package: abidir 2003/08/22  3.11 bidirectional linebreaking
)
(C:\Users\Abdelazeem\AppData\Local\Programs\MiKTeX\tex/latex/arabtex\atrans.sty
Package: atrans 2003/06/14  3.11 generate the transliteration 
(ArabTeX) ZDMG transliteration.)
(C:\Users\Abdelazeem\AppData\Local\Programs\MiKTeX\tex/latex/arabtex\alatex.sty
Package: alatex 2003/05/04  3.11 ArabTeX extensions for LaTeX 
(C:\Users\Abdelazeem\AppData\Local\Programs\MiKTeX\tex/latex/arabtex\afoot.sty
Package: afoot 2003/05/12  3.11 ArabTeX footnotes
))
(C:\Users\Abdelazeem\AppData\Local\Programs\MiKTeX\tex/latex/arabtex\abjad.sty
Package: abjad 2003/04/26  3.11 abjad numerals 
)
(C:\Users\Abdelazeem\AppData\Local\Programs\MiKTeX\tex/latex/arabtex\apatch.sty

(C:\Users\Abdelazeem\AppData\Local\Programs\MiKTeX\tex/latex/arabtex\alists.sty
Package: alists 2003/04/26  3.11 inverted list macros
)
(C:\Users\Abdelazeem\AppData\Local\Programs\MiKTeX\tex/latex/arabtex\asect.sty
Package: asect 2003/04/26  3.11 section macros for Arabic
) (C:\Users\Abdelazeem\AppData\Local\Programs\MiKTeX\tex/latex/arabtex\atabg.st
y
Package: atabg 1997/01/21  3.05 LaTeX tabbing macros for Arabic
)
(C:\Users\Abdelazeem\AppData\Local\Programs\MiKTeX\tex/latex/arabtex\alocal.sty
(ArabTeX) 3.11 local stub, 26.02.2006)
Package: apatch 2006/07/02  3.11s last minute patches 
)
Arabic processor `ArabTeX' [20060702 patch level 3.11s (02.07.2006)]
(ArabTeX) ... now be patient ... )
(C:\Users\Abdelazeem\AppData\Local\Programs\MiKTeX\tex/latex/arabtex\utf8.sty
(C:\Users\Abdelazeem\AppData\Local\Programs\MiKTeX\tex/latex/arabtex\utfcode.st
y
Package: utfcode 2002/03/07  3.10a Arabic+Hebrew segment of UTF-8
\u@lb=\count373
\u@lq=\count374
)
Package: utf8 2000/06/13  3.10 UTF-8 input encoding 
 (ArabTeX) scanner for code UTF-8 installed.)
(ArabTeX) input encoding set to UTF-8 conventions
(C:\Users\Abdelazeem\AppData\Local\Programs\MiKTeX\tex/latex/beamer\beamerfontt
hemeprofessionalfonts.sty)
(C:\Users\Abdelazeem\AppData\Local\Programs\MiKTeX\tex/latex/beamer\beamercolor
themestructure.sty)
(C:\Users\Abdelazeem\AppData\Local\Programs\MiKTeX\tex/latex/l3backend\l3backen
d-pdftex.def
File: l3backend-pdftex.def 2022-09-28 L3 backend support: PDF output (pdfTeX)
\l__color_backend_stack_int=\count375
\l__pdf_internal_box=\box91
) (ASIC Design.aux)
\openout1 = `"ASIC Design.aux"'.

LaTeX Font Info:    Checking defaults for OML/cmm/m/it on input line 66.
LaTeX Font Info:    ... okay on input line 66.
LaTeX Font Info:    Checking defaults for OMS/cmsy/m/n on input line 66.
LaTeX Font Info:    ... okay on input line 66.
LaTeX Font Info:    Checking defaults for OT1/cmr/m/n on input line 66.
LaTeX Font Info:    ... okay on input line 66.
LaTeX Font Info:    Checking defaults for T1/cmr/m/n on input line 66.
LaTeX Font Info:    ... okay on input line 66.
LaTeX Font Info:    Checking defaults for TS1/cmr/m/n on input line 66.
LaTeX Font Info:    ... okay on input line 66.
LaTeX Font Info:    Checking defaults for OMX/cmex/m/n on input line 66.
LaTeX Font Info:    ... okay on input line 66.
LaTeX Font Info:    Checking defaults for U/cmr/m/n on input line 66.
LaTeX Font Info:    ... okay on input line 66.
LaTeX Font Info:    Checking defaults for PD1/pdf/m/n on input line 66.
LaTeX Font Info:    ... okay on input line 66.
LaTeX Font Info:    Checking defaults for PU/pdf/m/n on input line 66.
LaTeX Font Info:    ... okay on input line 66.

*geometry* driver: auto-detecting
*geometry* detected driver: pdftex
*geometry* verbose mode - [ preamble ] result:
* driver: pdftex
* paper: custom
* layout: <same size as paper>
* layoutoffset:(h,v)=(0.0pt,0.0pt)
* modes: includehead includefoot 
* h-part:(L,W,R)=(28.45274pt, 307.28987pt, 28.45274pt)
* v-part:(T,H,B)=(0.0pt, 273.14662pt, 0.0pt)
* \paperwidth=364.19536pt
* \paperheight=273.14662pt
* \textwidth=307.28987pt
* \textheight=244.6939pt
* \oddsidemargin=-43.81725pt
* \evensidemargin=-43.81725pt
* \topmargin=-72.26999pt
* \headheight=14.22636pt
* \headsep=0.0pt
* \topskip=11.0pt
* \footskip=14.22636pt
* \marginparwidth=4.0pt
* \marginparsep=10.0pt
* \columnsep=10.0pt
* \skip\footins=10.0pt plus 4.0pt minus 2.0pt
* \hoffset=0.0pt
* \voffset=0.0pt
* \mag=1000
* \@twocolumnfalse
* \@twosidefalse
* \@mparswitchfalse
* \@reversemarginfalse
* (1in=72.27pt=25.4mm, 1cm=28.453pt)


(C:\Users\Abdelazeem\AppData\Local\Programs\MiKTeX\tex/context/base/mkii\supp-p
df.mkii
[Loading MPS to PDF converter (version 2006.09.02).]
\scratchcounter=\count376
\scratchdimen=\dimen325
\scratchbox=\box92
\nofMPsegments=\count377
\nofMParguments=\count378
\everyMPshowfont=\toks67
\MPscratchCnt=\count379
\MPscratchDim=\dimen326
\MPnumerator=\count380
\makeMPintoPDFobject=\count381
\everyMPtoPDFconversion=\toks68
)
(C:\Users\Abdelazeem\AppData\Local\Programs\MiKTeX\tex/latex/epstopdf-pkg\epsto
pdf-base.sty
Package: epstopdf-base 2020-01-24 v2.11 Base part for package epstopdf
Package epstopdf-base Info: Redefining graphics rule for `.eps' on input line 4
85.

(C:\Users\Abdelazeem\AppData\Local\Programs\MiKTeX\tex/latex/00miktex\epstopdf-
sys.cfg
File: epstopdf-sys.cfg 2021/03/18 v2.0 Configuration of epstopdf for MiKTeX
))
Package hyperref Info: Link coloring OFF on input line 66.
 (ASIC Design.out) (ASIC Design.out)
\@outlinefile=\write7
\openout7 = `"ASIC Design.out"'.


(C:\Users\Abdelazeem\AppData\Local\Programs\MiKTeX\tex/latex/translator\transla
tor-basic-dictionary-English.dict
Dictionary: translator-basic-dictionary, Language: English 
)
(C:\Users\Abdelazeem\AppData\Local\Programs\MiKTeX\tex/latex/translator\transla
tor-bibliography-dictionary-English.dict
Dictionary: translator-bibliography-dictionary, Language: English 
)
(C:\Users\Abdelazeem\AppData\Local\Programs\MiKTeX\tex/latex/translator\transla
tor-environment-dictionary-English.dict
Dictionary: translator-environment-dictionary, Language: English 
)
(C:\Users\Abdelazeem\AppData\Local\Programs\MiKTeX\tex/latex/translator\transla
tor-months-dictionary-English.dict
Dictionary: translator-months-dictionary, Language: English 
)
(C:\Users\Abdelazeem\AppData\Local\Programs\MiKTeX\tex/latex/translator\transla
tor-numbers-dictionary-English.dict
Dictionary: translator-numbers-dictionary, Language: English 
)
(C:\Users\Abdelazeem\AppData\Local\Programs\MiKTeX\tex/latex/translator\transla
tor-theorem-dictionary-English.dict
Dictionary: translator-theorem-dictionary, Language: English 
)
Package caption Info: Begin \AtBeginDocument code.
Package caption Info: subfig package v1.3 is loaded.
Package caption Info: End \AtBeginDocument code.
 (ASIC Design.nav)
(C:\Users\Abdelazeem\AppData\Local\Programs\MiKTeX\tex/latex/arabtex\apatch.sty
\a@lines=\count382
\a@Lwidth=\dimen327
\a@displaywidth=\dimen328

(C:\Users\Abdelazeem\AppData\Local\Programs\MiKTeX\tex/latex/arabtex\alocal.sty
(ArabTeX) 3.11 local stub, 26.02.2006)
(ArabTeX) version 3.11s (02.07.2006): second phase of patching) [1{C:/Users/Abd
elazeem/AppData/Local/MiKTeX/fonts/map/pdftex/pdftex.map}

] (ASIC Design.toc)
[2

] (ASIC Design.toc) [3

]
<CMOS_CYCLE.png, id=155, 509.5035pt x 314.3745pt>
File: CMOS_CYCLE.png Graphic file (type png)
<use CMOS_CYCLE.png>
Package pdftex.def Info: CMOS_CYCLE.png  used on input line 87.
(pdftex.def)             Requested size: 307.28987pt x 189.60472pt.
 [4

 <./CMOS_CYCLE.png>]
<design.png, id=197, 609.77812pt x 360.59718pt>
File: design.png Graphic file (type png)
<use design.png>
Package pdftex.def Info: design.png  used on input line 97.
(pdftex.def)             Requested size: 245.83282pt x 145.37527pt.
 [5

 <./design.png>] [6

]
[7

]
LaTeX Font Info:    Font shape `OT1/cmss/b/n' in size <10.95> not available
(Font)              Font shape `OT1/cmss/bx/n' tried instead on input line 131.

 [8

] [9

] [10

]
<Examples.png, id=428, 516.12825pt x 260.172pt>
File: Examples.png Graphic file (type png)
<use Examples.png>
Package pdftex.def Info: Examples.png  used on input line 138.
(pdftex.def)             Requested size: 307.28987pt x 154.89754pt.
 [11

 <./Examples.png>]
<ASICs.png, id=468, 280.6485pt x 305.943pt>
File: ASICs.png Graphic file (type png)
<use ASICs.png>
Package pdftex.def Info: ASICs.png  used on input line 164.
(pdftex.def)             Requested size: 150.57071pt x 164.14236pt.
LaTeX Font Info:    Trying to load font information for U+msa on input line 164
.

(C:\Users\Abdelazeem\AppData\Local\Programs\MiKTeX\tex/latex/amsfonts\umsa.fd
File: umsa.fd 2013/01/14 v3.01 AMS symbols A
)
LaTeX Font Info:    Trying to load font information for U+msb on input line 164
.

(C:\Users\Abdelazeem\AppData\Local\Programs\MiKTeX\tex/latex/amsfonts\umsb.fd
File: umsb.fd 2013/01/14 v3.01 AMS symbols B
)
[12

 <./ASICs.png>] (ASIC Design.toc) [13

]
<flow.png, id=556, 513.71925pt x 335.45325pt>
File: flow.png Graphic file (type png)
<use flow.png>
Package pdftex.def Info: flow.png  used on input line 172.
(pdftex.def)             Requested size: 307.28987pt x 200.66437pt.
 [14

 <./flow.png>]
<flow_2.png, id=594, 299.9205pt x 346.896pt>
File: flow_2.png Graphic file (type png)
<use flow_2.png>
Package pdftex.def Info: flow_2.png  used on input line 191.
(pdftex.def)             Requested size: 150.57071pt x 174.15685pt.

Overfull \hbox (4.55153pt too wide) detected at line 191
[][][] $[]$[][][][][][][][] $[]$[][][][][][] 
 []

[15

 <./flow_2.png>]
<simple.png, id=632, 169.23225pt x 187.902pt>
File: simple.png Graphic file (type png)
<use simple.png>
Package pdftex.def Info: simple.png  used on input line 215.
(pdftex.def)             Requested size: 99.92381pt x 110.95009pt.
 [16

 <./simple.png>]
<PnR.png, id=670, 458.31226pt x 368.577pt>
File: PnR.png Graphic file (type png)
<use PnR.png>
Package pdftex.def Info: PnR.png  used on input line 221.
(pdftex.def)             Requested size: 245.83282pt x 197.70132pt.
 [17

 <./PnR.png>] (ASIC Design.toc)
[18

]
<spec.png, id=756, 281.25075pt x 245.11575pt>
File: spec.png Graphic file (type png)
<use spec.png>
Package pdftex.def Info: spec.png  used on input line 239.
(pdftex.def)             Requested size: 153.64493pt x 133.90147pt.

Overfull \vbox (1.32945pt too high) detected at line 239
 []

[19

 <./spec.png>]
<chip.png, id=797, 275.22826pt x 266.1945pt>
File: chip.png Graphic file (type png)
<use chip.png>
Package pdftex.def Info: chip.png  used on input line 263.
(pdftex.def)             Requested size: 147.50119pt x 142.66245pt.

Overfull \hbox (4.55623pt too wide) detected at line 263
[][][] $[]$[][][][][][][][] $[]$[][][][][][] 
 []

[20

 <./chip.png>] [21

]
<micro.png, id=872, 278.2395pt x 259.56975pt>
File: micro.png Graphic file (type png)
<use micro.png>
Package pdftex.def Info: micro.png  used on input line 310.
(pdftex.def)             Requested size: 153.64493pt x 143.33414pt.
 [22

 <./micro.png>]
<block_micro_arc.png, id=913, 256.5585pt x 289.08pt>
File: block_micro_arc.png Graphic file (type png)
<use block_micro_arc.png>
Package pdftex.def Info: block_micro_arc.png  used on input line 336.
(pdftex.def)             Requested size: 153.64493pt x 173.12732pt.
 [23

 <./block_micro_arc.png>]
File: block_micro_arc.png Graphic file (type png)
<use block_micro_arc.png>
Package pdftex.def Info: block_micro_arc.png  used on input line 336.
(pdftex.def)             Requested size: 153.64493pt x 173.12732pt.
 [24

]
File: block_micro_arc.png Graphic file (type png)
<use block_micro_arc.png>
Package pdftex.def Info: block_micro_arc.png  used on input line 336.
(pdftex.def)             Requested size: 153.64493pt x 173.12732pt.

[25

]
File: block_micro_arc.png Graphic file (type png)
<use block_micro_arc.png>
Package pdftex.def Info: block_micro_arc.png  used on input line 336.
(pdftex.def)             Requested size: 153.64493pt x 173.12732pt.
 [26

]
<to_comp.png, id=1062, 281.853pt x 287.27325pt>
File: to_comp.png Graphic file (type png)
<use to_comp.png>
Package pdftex.def Info: to_comp.png  used on input line 358.
(pdftex.def)             Requested size: 165.93709pt x 169.13031pt.
 [27

 <./to_comp.png>]
<parallel.png, id=1104, 262.581pt x 290.2845pt>
File: parallel.png Graphic file (type png)
<use parallel.png>
Package pdftex.def Info: parallel.png  used on input line 379.
(pdftex.def)             Requested size: 129.06248pt x 142.67915pt.
 [28

 <./parallel.png>]
<pipe.png, id=1143, 222.8325pt x 290.2845pt>
File: pipe.png Graphic file (type png)
<use pipe.png>
Package pdftex.def Info: pipe.png  used on input line 402.
(pdftex.def)             Requested size: 129.06248pt x 168.13036pt.
 [29

 <./pipe.png>]
<deco.png, id=1182, 242.70676pt x 283.0575pt>
File: deco.png Graphic file (type png)
<use deco.png>
Package pdftex.def Info: deco.png  used on input line 425.
(pdftex.def)             Requested size: 129.06248pt x 150.52077pt.
 [30

 <./deco.png>]
<spec_micro.png, id=1221, 208.98074pt x 183.68625pt>
File: spec_micro.png Graphic file (type png)
<use spec_micro.png>
Package pdftex.def Info: spec_micro.png  used on input line 454.
(pdftex.def)             Requested size: 92.18788pt x 81.02959pt.

Overfull \hbox (35.2824pt too wide) detected at line 454
[][][] $[]$[][][][][][][][] $[]$[][][][][][] 
 []

[31

 <./spec_micro.png>]
<block.png, id=1261, 244.5135pt x 202.95825pt>
File: block.png Graphic file (type png)
<use block.png>
Package pdftex.def Info: block.png  used on input line 481.
(pdftex.def)             Requested size: 138.2795pt x 114.7831pt.
 [32

 <./block.png>]
<block_micro.png, id=1299, 254.1495pt x 218.0145pt>
File: block_micro.png Graphic file (type png)
<use block_micro.png>
Package pdftex.def Info: block_micro.png  used on input line 504.
(pdftex.def)             Requested size: 138.2795pt x 118.62093pt.
 [33

 <./block_micro.png>]
(ASIC Design.toc) [34

] [35

] [36

]
<HDL.png, id=1472, 257.16075pt x 222.8325pt>
File: HDL.png Graphic file (type png)
<use HDL.png>
Package pdftex.def Info: HDL.png  used on input line 567.
(pdftex.def)             Requested size: 153.64493pt x 133.13611pt.
 [37

 <./HDL.png>]
<test.png, id=1515, 240.9pt x 302.3295pt>
File: test.png Graphic file (type png)
<use test.png>
Package pdftex.def Info: test.png  used on input line 589.
(pdftex.def)             Requested size: 153.64493pt x 192.83052pt.
 [38

 <./test.png>]
<testb.png, id=1557, 498.06075pt x 275.22826pt>
File: testb.png Graphic file (type png)
<use testb.png>
Package pdftex.def Info: testb.png  used on input line 597.
(pdftex.def)             Requested size: 307.28987pt x 169.81662pt.
 [39

 <./testb.png>] [40

]
<synthesis.png, id=1640, 287.27325pt x 246.9225pt>
File: synthesis.png Graphic file (type png)
<use synthesis.png>
Package pdftex.def Info: synthesis.png  used on input line 632.
(pdftex.def)             Requested size: 153.64493pt x 132.06642pt.
 [41

 <./synthesis.png>] [42

] [43

]
<synth_1.png, id=1765, 506.49225pt x 314.3745pt>
File: synth_1.png Graphic file (type png)
<use synth_1.png>
Package pdftex.def Info: synth_1.png  used on input line 652.
(pdftex.def)             Requested size: 307.28987pt x 190.7368pt.
 [44

 <./synth_1.png>]
<synthesizer1.png, id=1807, 470.9595pt x 305.943pt>
File: synthesizer1.png Graphic file (type png)
<use synthesizer1.png>
Package pdftex.def Info: synthesizer1.png  used on input line 659.
(pdftex.def)             Requested size: 307.28987pt x 199.62617pt.
 [45

 <./synthesizer1.png>]
<synthesizer2.png, id=1849, 476.37975pt x 296.307pt>
File: synthesizer2.png Graphic file (type png)
<use synthesizer2.png>
Package pdftex.def Info: synthesizer2.png  used on input line 666.
(pdftex.def)             Requested size: 307.28987pt x 191.13237pt.
 [46

 <./synthesizer2.png>]
<synthesizer3.png, id=1891, 476.37975pt x 305.34074pt>
File: synthesizer3.png Graphic file (type png)
<use synthesizer3.png>
Package pdftex.def Info: synthesizer3.png  used on input line 673.
(pdftex.def)             Requested size: 307.28987pt x 196.95958pt.
 [47

 <./synthesizer3.png>]
<synthesizer4.png, id=1933, 470.9595pt x 299.9205pt>
File: synthesizer4.png Graphic file (type png)
<use synthesizer4.png>
Package pdftex.def Info: synthesizer4.png  used on input line 680.
(pdftex.def)             Requested size: 307.28987pt x 195.69653pt.
 [48

 <./synthesizer4.png>]
<inputs_outputs.png, id=1975, 221.628pt x 169.23225pt>
File: inputs_outputs.png Graphic file (type png)
<use inputs_outputs.png>
Package pdftex.def Info: inputs_outputs.png  used on input line 703.
(pdftex.def)             Requested size: 122.9164pt x 93.85786pt.
 [49

 <./inputs_outputs.png>]
<synth.png, id=2017, 476.982pt x 184.89075pt>
File: synth.png Graphic file (type png)
<use synth.png>
Package pdftex.def Info: synth.png  used on input line 710.
(pdftex.def)             Requested size: 307.28987pt x 119.11395pt.
 [50

 <./synth.png>]
<cells.png, id=2058, 268.6035pt x 295.70474pt>
File: cells.png Graphic file (type png)
<use cells.png>
Package pdftex.def Info: cells.png  used on input line 736.
(pdftex.def)             Requested size: 153.64493pt x 169.14903pt.
 [51

 <./cells.png>]
<cell_2.png, id=2101, 540.21825pt x 284.262pt>
File: cell_2.png Graphic file (type png)
<use cell_2.png>
Package pdftex.def Info: cell_2.png  used on input line 742.
(pdftex.def)             Requested size: 307.28987pt x 161.70135pt.

[52

 <./cell_2.png>]
<row.png, id=2142, 537.80925pt x 289.68225pt>
File: row.png Graphic file (type png)
<use row.png>
Package pdftex.def Info: row.png  used on input line 748.
(pdftex.def)             Requested size: 307.28987pt x 165.52283pt.
 [53

 <./row.png>] (ASIC Design.toc) [54

]
<back.png, id=2239, 477.58424pt x 194.52675pt>
File: back.png Graphic file (type png)
<use back.png>
Package pdftex.def Info: back.png  used on input line 759.
(pdftex.def)             Requested size: 307.28987pt x 125.1675pt.
 [55

 <./back.png>]
<floor.png, id=2283, 379.4175pt x 343.88475pt>
File: floor.png Graphic file (type png)
<use floor.png>
Package pdftex.def Info: floor.png  used on input line 779.
(pdftex.def)             Requested size: 153.64493pt x 139.25682pt.

Overfull \vbox (8.19614pt too high) detected at line 779
 []

[56

 <./floor.png>]
<Fplan.png, id=2328, 293.29575pt x 242.1045pt>
File: Fplan.png Graphic file (type png)
<use Fplan.png>
Package pdftex.def Info: Fplan.png  used on input line 804.
(pdftex.def)             Requested size: 153.64493pt x 126.83339pt.
 [57

 <./Fplan.png>]
<FChip.png, id=2371, 397.485pt x 404.10976pt>
File: FChip.png Graphic file (type png)
<use FChip.png>
Package pdftex.def Info: FChip.png  used on input line 826.
(pdftex.def)             Requested size: 184.3758pt x 187.45279pt.
 [58

 <./FChip.png>]
File: FChip.png Graphic file (type png)
<use FChip.png>
Package pdftex.def Info: FChip.png  used on input line 826.
(pdftex.def)             Requested size: 184.3758pt x 187.45279pt.
 [59

]
<power.png, id=2453, 510.10574pt x 343.2825pt>
File: power.png Graphic file (type png)
<use power.png>
Package pdftex.def Info: power.png  used on input line 834.
(pdftex.def)             Requested size: 307.28987pt x 206.79869pt.
 [60

 <./power.png>]
<place.png, id=2496, 335.45325pt x 289.68225pt>
File: place.png Graphic file (type png)
<use place.png>
Package pdftex.def Info: place.png  used on input line 851.
(pdftex.def)             Requested size: 153.64493pt x 132.68524pt.
 [61

 <./place.png>] [62

]
<cts.png, id=2581, 345.08925pt x 296.307pt>
File: cts.png Graphic file (type png)
<use cts.png>
Package pdftex.def Info: cts.png  used on input line 881.
(pdftex.def)             Requested size: 153.64493pt x 131.92627pt.

Overfull \vbox (8.19614pt too high) detected at line 881
 []

[63

 <./cts.png>] [64

] [65

]
<clk.png, id=2708, 392.06474pt x 397.485pt>
File: clk.png Graphic file (type png)
<use clk.png>
Package pdftex.def Info: clk.png  used on input line 904.
(pdftex.def)             Requested size: 215.10196pt x 218.07156pt.
 [66

 <./clk.png>]
<clk2.png, id=2751, 391.4625pt x 394.47375pt>
File: clk2.png Graphic file (type png)
<use clk2.png>
Package pdftex.def Info: clk2.png  used on input line 909.
(pdftex.def)             Requested size: 215.10196pt x 216.75658pt.
 [67

 <./clk2.png>]
<clk3.png, id=2795, 394.47375pt x 393.26926pt>
File: clk3.png Graphic file (type png)
<use clk3.png>
Package pdftex.def Info: clk3.png  used on input line 914.
(pdftex.def)             Requested size: 215.10196pt x 214.4445pt.
 [68

 <./clk3.png>]
<clk4.png, id=2838, 394.47375pt x 395.076pt>
File: clk4.png Graphic file (type png)
<use clk4.png>
Package pdftex.def Info: clk4.png  used on input line 919.
(pdftex.def)             Requested size: 215.10196pt x 215.4297pt.
[69

 <./clk4.png>]
<clk5.png, id=2881, 389.65575pt x 393.26926pt>
File: clk5.png Graphic file (type png)
<use clk5.png>
Package pdftex.def Info: clk5.png  used on input line 924.
(pdftex.def)             Requested size: 215.10196pt x 217.10286pt.
 [70

 <./clk5.png>]
<clk6.png, id=2923, 391.4625pt x 389.65575pt>
File: clk6.png Graphic file (type png)
<use clk6.png>
Package pdftex.def Info: clk6.png  used on input line 929.
(pdftex.def)             Requested size: 215.10196pt x 214.10916pt.
 [71

 <./clk6.png>]
<route.png, id=2965, 341.47575pt x 304.7385pt>
File: route.png Graphic file (type png)
<use route.png>
Package pdftex.def Info: route.png  used on input line 960.
(pdftex.def)             Requested size: 153.64493pt x 137.1171pt.
 [72

 <./route.png>]
<route2.png, id=3009, 272.81924pt x 237.88875pt>
File: route2.png Graphic file (type png)
<use route2.png>
Package pdftex.def Info: route2.png  used on input line 983.
(pdftex.def)             Requested size: 153.64493pt x 133.97542pt.

[73

 <./route2.png>]
<Extract.png, id=3052, 338.4645pt x 284.262pt>
File: Extract.png Graphic file (type png)
<use Extract.png>
Package pdftex.def Info: Extract.png  used on input line 999.
(pdftex.def)             Requested size: 153.64493pt x 129.04012pt.
 [74

 <./Extract.png>] [75

] [76

] (ASIC Design.toc) [77

]
<PVR.png, id=3231, 329.43076pt x 307.74976pt>
File: PVR.png Graphic file (type png)
<use PVR.png>
Package pdftex.def Info: PVR.png  used on input line 1051.
(pdftex.def)             Requested size: 73.74918pt x 68.8932pt.

Overfull \hbox (4.55153pt too wide) detected at line 1051
[][][] $[]$[][][][][][][][] $[]$[][][][][][] 
 []

[78

 <./PVR.png>]
<DRC.png, id=3273, 193.32225pt x 176.45924pt>
File: DRC.png Graphic file (type png)
<use DRC.png>
Package pdftex.def Info: DRC.png  used on input line 1070.
(pdftex.def)             Requested size: 153.64493pt x 140.24942pt.
 [79

 <./DRC.png>]
<DRC_1.png, id=3317, 277.035pt x 338.4645pt>
File: DRC_1.png Graphic file (type png)
<use DRC_1.png>
Package pdftex.def Info: DRC_1.png  used on input line 1089.
(pdftex.def)             Requested size: 153.64493pt x 187.71573pt.
 [80

 <./DRC_1.png>]
<LVS.png, id=3358, 268.6035pt x 174.6525pt>
File: LVS.png Graphic file (type png)
<use LVS.png>
Package pdftex.def Info: LVS.png  used on input line 1110.
(pdftex.def)             Requested size: 153.64493pt x 99.90472pt.
 [81

 <./LVS.png>] [82

]
<EMIR.png, id=3440, 290.2845pt x 227.04825pt>
File: EMIR.png Graphic file (type png)
<use EMIR.png>
Package pdftex.def Info: EMIR.png  used on input line 1156.
(pdftex.def)             Requested size: 153.64493pt x 120.17216pt.

[83

 <./EMIR.png>]
<STA.png, id=3482, 293.29575pt x 260.172pt>
File: STA.png Graphic file (type png)
<use STA.png>
Package pdftex.def Info: STA.png  used on input line 1183.
(pdftex.def)             Requested size: 153.64493pt x 136.29855pt.
 [84

 <./STA.png>]
<Formal.png, id=3524, 272.217pt x 223.43475pt>
File: Formal.png Graphic file (type png)
<use Formal.png>
Package pdftex.def Info: Formal.png  used on input line 1206.
(pdftex.def)             Requested size: 153.64493pt x 126.11472pt.
 [85

 <./Formal.png>]
<chip_finish.png, id=3568, 548.0475pt x 308.352pt>
File: chip_finish.png Graphic file (type png)
<use chip_finish.png>
Package pdftex.def Info: chip_finish.png  used on input line 1213.
(pdftex.def)             Requested size: 307.28987pt x 172.89708pt.
 [86

 <./chip_finish.png>] [87

] (ASIC Design.toc) [88

]
<chip_1.png, id=3697, 472.76625pt x 314.3745pt>
File: chip_1.png Graphic file (type png)
<use chip_1.png>
Package pdftex.def Info: chip_1.png  used on input line 1239.
(pdftex.def)             Requested size: 307.28987pt x 204.34099pt.
 [89

 <./chip_1.png>]
<DFT.png, id=3736, 584.1825pt x 371.58826pt>
File: DFT.png Graphic file (type png)
<use DFT.png>
Package pdftex.def Info: DFT.png  used on input line 1253.
(pdftex.def)             Requested size: 215.10196pt x 136.82211pt.
 [90

 <./DFT.png>]
File: DFT.png Graphic file (type png)
<use DFT.png>
Package pdftex.def Info: DFT.png  used on input line 1253.
(pdftex.def)             Requested size: 215.10196pt x 136.82211pt.
 [91

]
<summary.png, id=3813, 386.6445pt x 328.22626pt>
File: summary.png Graphic file (type png)
<use summary.png>
Package pdftex.def Info: summary.png  used on input line 1260.
(pdftex.def)             Requested size: 215.10196pt x 182.60344pt.
 [92

 <./summary.png>]
<Final.png, id=3852, 404.712pt x 405.31425pt>
File: Final.png Graphic file (type png)
<use Final.png>
Package pdftex.def Info: Final.png  used on input line 1267.
(pdftex.def)             Requested size: 215.10196pt x 215.42162pt.

Overfull \vbox (5.01765pt too high) detected at line 1267
 []

[93

 <./Final.png>]
LaTeX Font Info:    Trying to load font information for U+xnsh on input line 12
75.

(C:\Users\Abdelazeem\AppData\Local\Programs\MiKTeX\tex/latex/arabtex\uxnsh.fd
File: uxnsh.fd  1999/10/19 v3.10 ArabTeX Naskh extd. font definitions
)
LaTeX Font Info:    Font shape `U/xnsh/m/n' will be
(Font)              scaled to size 15.76802pt on input line 1275.

[94

]
\tf@nav=\write8
\openout8 = `"ASIC Design.nav"'.

\tf@toc=\write9
\openout9 = `"ASIC Design.toc"'.

\tf@snm=\write10
\openout10 = `"ASIC Design.snm"'.

 (ASIC Design.aux)

 *File List*
  beamer.cls    2022/09/13 v3.68 A class for typesetting presentations
beamerbasemodes.sty    
etoolbox.sty    2020/10/05 v2.5k e-TeX tools for LaTeX (JAW)
beamerbasedecode.sty    
   iftex.sty    2022/02/03 v1.0f TeX engine tests
beamerbaseoptions.sty    
  keyval.sty    2022/05/29 v1.15 key=value parser (DPC)
geometry.sty    2020/01/02 v5.9 Page Geometry
  ifvtex.sty    2019/10/25 v1.7 ifvtex legacy package. Use iftex instead.
geometry.cfg
 pgfmath.sty    
  pgfrcs.sty    2021/05/15 v3.1.9a (3.1.9a)
pgfrcs.code.tex
 pgfkeys.sty    
pgfkeys.code.tex
pgfmath.code.tex
  size11.clo    2021/10/04 v1.4n Standard LaTeX file (size option)
 pgfcore.sty    2021/05/15 v3.1.9a (3.1.9a)
graphicx.sty    2021/09/16 v1.2d Enhanced LaTeX Graphics (DPC,SPQR)
graphics.sty    2022/03/10 v1.4e Standard LaTeX Graphics (DPC,SPQR)
    trig.sty    2021/08/11 v1.11 sin cos tan (DPC)
graphics.cfg    2016/06/04 v1.11 sample graphics configuration
  pdftex.def    2022/09/22 v1.2b Graphics/color driver for pdftex
  pgfsys.sty    2021/05/15 v3.1.9a (3.1.9a)
pgfsys.code.tex
pgfsyssoftpath.code.tex    2021/05/15 v3.1.9a (3.1.9a)
pgfsysprotocol.code.tex    2021/05/15 v3.1.9a (3.1.9a)
  xcolor.sty    2022/06/12 v2.14 LaTeX color extensions (UK)
   color.cfg    2016/01/02 v1.6 sample color configuration
mathcolor.ltx
pgfcore.code.tex
 xxcolor.sty    2003/10/24 ver 0.1
atbegshi-ltx.sty    2021/01/10 v1.0c Emulation of the original atbegshi
package with kernel methods
hyperref.sty    2022-09-22 v7.00t Hypertext links for LaTeX
 ltxcmds.sty    2020-05-10 v1.25 LaTeX kernel commands for general use (HO)
pdftexcmds.sty    2020-06-27 v0.33 Utility functions of pdfTeX for LuaTeX (HO)
infwarerr.sty    2019/12/03 v1.5 Providing info/warning/error messages (HO)
kvsetkeys.sty    2022-10-05 v1.19 Key value parser (HO)
kvdefinekeys.sty    2019-12-19 v1.6 Define keys (HO)
pdfescape.sty    2019/12/09 v1.15 Implements pdfTeX's escape features (HO)
 hycolor.sty    2020-01-27 v1.10 Color options for hyperref/bookmark (HO)
letltxmacro.sty    2019/12/03 v1.6 Let assignment for LaTeX macros (HO)
 auxhook.sty    2019-12-17 v1.6 Hooks for auxiliary files (HO)
 nameref.sty    2022-05-17 v2.50 Cross-referencing by name of section
refcount.sty    2019/12/15 v3.6 Data extraction from label references (HO)
gettitlestring.sty    2019/12/15 v1.6 Cleanup title references (HO)
kvoptions.sty    2022-06-15 v3.15 Key value format for package options (HO)
  pd1enc.def    2022-09-22 v7.00t Hyperref: PDFDocEncoding definition (HO)
 intcalc.sty    2019/12/15 v1.3 Expandable calculations with integers (HO)
etexcmds.sty    2019/12/15 v1.7 Avoid name clashes with e-TeX commands (HO)
   puenc.def    2022-09-22 v7.00t Hyperref: PDF Unicode definition (HO)
     url.sty    2013/09/16  ver 3.4  Verb mode for urls, etc.
  bitset.sty    2019/12/09 v1.3 Handle bit-vector datatype (HO)
bigintcalc.sty    2019/12/15 v1.5 Expandable calculations on big integers (HO)
 hpdftex.def    2022-09-22 v7.00t Hyperref driver for pdfTeX
atveryend-ltx.sty    2020/08/19 v1.0a Emulation of the original atveryend packa
ge
with kernel methods
rerunfilecheck.sty    2022-07-10 v1.10 Rerun checks for auxiliary files (HO)
uniquecounter.sty    2019/12/15 v1.4 Provide unlimited unique counter (HO)
beamerbaserequires.sty    
beamerbasecompatibility.sty    
beamerbasefont.sty    
 amssymb.sty    2013/01/14 v3.01 AMS font symbols
amsfonts.sty    2013/01/14 v3.01 Basic AMSFonts support
sansmathaccent.sty    2020/01/31
scrlfile.sty    2022/10/12 v3.38 KOMA-Script package (file load hooks)
scrlfile-hook.sty    2022/10/12 v3.38 KOMA-Script package (using LaTeX hooks)
 scrlogo.sty    2022/10/12 v3.38 KOMA-Script package (logo)
beamerbasetranslator.sty    
translator.sty    2021-05-31 v1.12d Easy translation of strings in LaTeX
beamerbasemisc.sty    
beamerbasetwoscreens.sty    
beamerbaseoverlay.sty    
beamerbasetitle.sty    
beamerbasesection.sty    
beamerbaseframe.sty    
beamerbaseverbatim.sty    
beamerbaseframesize.sty    
beamerbaseframecomponents.sty    
beamerbasecolor.sty    
beamerbasenotes.sty    
beamerbasetoc.sty    
beamerbasetemplates.sty    
beamerbaseauxtemplates.sty    
beamerbaseboxes.sty    
beamerbaselocalstructure.sty    
enumerate.sty    2015/07/23 v3.00 enumerate extensions (DPC)
beamerbasenavigation.sty    
beamerbasetheorems.sty    
 amsmath.sty    2022/04/08 v2.17n AMS math features
 amstext.sty    2021/08/26 v2.01 AMS text
  amsgen.sty    1999/11/30 v2.0 generic functions
  amsbsy.sty    1999/11/29 v1.2d Bold Symbols
  amsopn.sty    2022/04/08 v2.04 operator names
  amsthm.sty    2020/05/29 v2.20.6
beamerbasethemes.sty    
beamerthemedefault.sty    
beamerfontthemedefault.sty    
beamercolorthemedefault.sty    
beamerinnerthemedefault.sty    
beamerouterthemedefault.sty    
beamerthemeLuebeck.sty    
beamerouterthemesplit.sty    
beamerinnerthemerectangles.sty    
beamercolorthemewhale.sty    
beamercolorthemeorchid.sty    
inputenc.sty    2021/02/14 v1.3d Input encoding file
  subfig.sty    2005/06/28 ver: 1.3 subfig package
 caption.sty    2022/03/01 v3.6b Customizing captions (AR)
caption3.sty    2022/03/17 v2.3b caption3 kernel (AR)
caption-beamer.sto    2022/01/06 v2.0c Adaption of the caption package to the b
eamer document classes (AR)
  utopia.sty    2020/03/25 PSNFSS-v9.3 (P.Dyballa) 
 arabtex.sty    2003/08/22  3.11 ArabTeX main module
 arabaux.sty    2003/05/21  3.11 auxiliary macros for ArabTeX
    acmd.sty    2003/08/20  3.11 Arabic command processing 
  afonts.sty    1995/11/16  3.04 define Naskh font 
 afonts2.sty    1998/10/19  3.10 define Naskh fonts for LaTeX2e
   ascan.sty    2003/08/22  3.11 standard ZDMG input encoding 
  aparse.sty    2003/05/26  3.11 get syllables 
  awrite.sty    2003/06/05  3.11 build output word 
xarbsymb.sty    1998/07/15  3.07 symbolic output encoding 
arabskel.sty    2000/06/04  3.10 character skeleton definitions 
xarbskel.sty    1999/07/17  3.09 character skeleton definitions 
  aboxes.sty    2003/05/28  3.11 build output boxes
arabtoks.sty    1999/07/17  3.09 ArabTeX CS token definitions 
arabchrs.sty    1998/07/11  3.07 letter token definitions 
   aligs.sty    2003/05/26  3.11 compute ligatures
 aoutput.sty    2000/06/04  3.10 build output lines
  abidir.sty    2003/08/22  3.11 bidirectional linebreaking
  atrans.sty    2003/06/14  3.11 generate the transliteration 
  alatex.sty    2003/05/04  3.11 ArabTeX extensions for LaTeX 
   afoot.sty    2003/05/12  3.11 ArabTeX footnotes
   abjad.sty    2003/04/26  3.11 abjad numerals 
  apatch.sty    2006/07/02  3.11s last minute patches 
  alists.sty    2003/04/26  3.11 inverted list macros
   asect.sty    2003/04/26  3.11 section macros for Arabic
   atabg.sty    1997/01/21  3.05 LaTeX tabbing macros for Arabic
    utf8.sty    2000/06/13  3.10 UTF-8 input encoding 
 utfcode.sty    2002/03/07  3.10a Arabic+Hebrew segment of UTF-8
beamerfontthemeprofessionalfonts.sty    
beamercolorthemestructure.sty    
l3backend-pdftex.def    2022-09-28 L3 backend support: PDF output (pdfTeX)
supp-pdf.mkii
epstopdf-base.sty    2020-01-24 v2.11 Base part for package epstopdf
epstopdf-sys.cfg    2021/03/18 v2.0 Configuration of epstopdf for MiKTeX
ASIC Design.out
ASIC Design.out
translator-basic-dictionary-English.dict    
translator-bibliography-dictionary-English.dict    
translator-environment-dictionary-English.dict    
translator-months-dictionary-English.dict    
translator-numbers-dictionary-English.dict    
translator-theorem-dictionary-English.dict    
  apatch.sty    2006/07/02  3.11s last minute patches 
CMOS_CYCLE.png    Graphic file (type png)
  design.png    Graphic file (type png)
Examples.png    Graphic file (type png)
   ASICs.png    Graphic file (type png)
    umsa.fd    2013/01/14 v3.01 AMS symbols A
    umsb.fd    2013/01/14 v3.01 AMS symbols B
    flow.png    Graphic file (type png)
  flow_2.png    Graphic file (type png)
  simple.png    Graphic file (type png)
     PnR.png    Graphic file (type png)
    spec.png    Graphic file (type png)
    chip.png    Graphic file (type png)
   micro.png    Graphic file (type png)
block_micro_arc.png    Graphic file (type png)
block_micro_arc.png    Graphic file (type png)
block_micro_arc.png    Graphic file (type png)
block_micro_arc.png    Graphic file (type png)
 to_comp.png    Graphic file (type png)
parallel.png    Graphic file (type png)
    pipe.png    Graphic file (type png)
    deco.png    Graphic file (type png)
spec_micro.png    Graphic file (type png)
   block.png    Graphic file (type png)
block_micro.png    Graphic file (type png)
     HDL.png    Graphic file (type png)
    test.png    Graphic file (type png)
   testb.png    Graphic file (type png)
synthesis.png    Graphic file (type png)
 synth_1.png    Graphic file (type png)
synthesizer1.png    Graphic file (type png)
synthesizer2.png    Graphic file (type png)
synthesizer3.png    Graphic file (type png)
synthesizer4.png    Graphic file (type png)
inputs_outputs.png    Graphic file (type png)
   synth.png    Graphic file (type png)
   cells.png    Graphic file (type png)
  cell_2.png    Graphic file (type png)
     row.png    Graphic file (type png)
    back.png    Graphic file (type png)
   floor.png    Graphic file (type png)
   Fplan.png    Graphic file (type png)
   FChip.png    Graphic file (type png)
   FChip.png    Graphic file (type png)
   power.png    Graphic file (type png)
   place.png    Graphic file (type png)
     cts.png    Graphic file (type png)
     clk.png    Graphic file (type png)
    clk2.png    Graphic file (type png)
    clk3.png    Graphic file (type png)
    clk4.png    Graphic file (type png)
    clk5.png    Graphic file (type png)
    clk6.png    Graphic file (type png)
   route.png    Graphic file (type png)
  route2.png    Graphic file (type png)
 Extract.png    Graphic file (type png)
     PVR.png    Graphic file (type png)
     DRC.png    Graphic file (type png)
   DRC_1.png    Graphic file (type png)
     LVS.png    Graphic file (type png)
    EMIR.png    Graphic file (type png)
     STA.png    Graphic file (type png)
  Formal.png    Graphic file (type png)
chip_finish.png    Graphic file (type png)
  chip_1.png    Graphic file (type png)
     DFT.png    Graphic file (type png)
     DFT.png    Graphic file (type png)
 summary.png    Graphic file (type png)
   Final.png    Graphic file (type png)
   uxnsh.fd     1999/10/19 v3.10 ArabTeX Naskh extd. font definitions
 ***********

Package rerunfilecheck Info: File `"ASIC Design".out' has not changed.
(rerunfilecheck)             Checksum: D41D8CD98F00B204E9800998ECF8427E;0.
 )
(\end occurred inside a group at level 1)

### semi simple group (level 1) entered at line 66 (\begingroup)
### bottom level 
Here is how much of TeX's memory you used:
 27250 strings out of 475385
 519994 string characters out of 2774548
 819247 words of memory out of 3000000
 47797 multiletter control sequences out of 15000+600000
 476691 words of font info for 55 fonts, out of 8000000 for 9000
 1141 hyphenation exceptions out of 8191
 128i,16n,122p,419b,2855s stack positions out of 10000i,1000n,20000p,200000b,80000s
<C:/Users/Abdelazeem/AppData/Local/Programs/MiKTeX/fonts/type1/
public/amsfonts/cm/cmmi10.pfb><C:/Users/Abdelazeem/AppData/Local/Programs/MiKTe
X/fonts/type1/public/amsfonts/cm/cmr10.pfb><C:/Users/Abdelazeem/AppData/Local/P
rograms/MiKTeX/fonts/type1/public/amsfonts/cm/cmr8.pfb><C:/Users/Abdelazeem/App
Data/Local/Programs/MiKTeX/fonts/type1/public/amsfonts/cm/cmss10.pfb><C:/Users/
Abdelazeem/AppData/Local/Programs/MiKTeX/fonts/type1/public/amsfonts/cm/cmss12.
pfb><C:/Users/Abdelazeem/AppData/Local/Programs/MiKTeX/fonts/type1/public/amsfo
nts/cm/cmss8.pfb><C:/Users/Abdelazeem/AppData/Local/Programs/MiKTeX/fonts/type1
/public/amsfonts/cm/cmssbx10.pfb><C:/Users/Abdelazeem/AppData/Local/Programs/Mi
KTeX/fonts/type1/public/arabtex/xnsh14.pfb>
Output written on "ASIC Design.pdf" (94 pages, 9881263 bytes).
PDF statistics:
 4015 PDF objects out of 4296 (max. 8388607)
 234 named destinations out of 1000 (max. 500000)
 348 words of extra memory for PDF output out of 10000 (max. 10000000)

