This is pdfTeX, Version 3.141592653-2.6-1.40.24 (MiKTeX 22.10) (preloaded format=pdflatex 2023.2.2)  9 MAR 2023 14:21
entering extended mode
 restricted \write18 enabled.
 %&-line parsing enabled.
**./Floorplanning.tex
(Floorplanning.tex
LaTeX2e <2022-06-01> patch level 5
L3 programming layer <2022-09-28>
(C:\Users\Abdelazeem\AppData\Local\Programs\MiKTeX\tex/latex/beamer\beamer.cls
Document Class: beamer 2022/09/13 v3.68 A class for typesetting presentations

(C:\Users\Abdelazeem\AppData\Local\Programs\MiKTeX\tex/latex/beamer\beamerbasem
odes.sty
(C:\Users\Abdelazeem\AppData\Local\Programs\MiKTeX\tex/latex/etoolbox\etoolbox.
sty
Package: etoolbox 2020/10/05 v2.5k e-TeX tools for LaTeX (JAW)
\etb@tempcnta=\count185
)
\beamer@tempbox=\box51
\beamer@tempcount=\count186
\c@beamerpauses=\count187

(C:\Users\Abdelazeem\AppData\Local\Programs\MiKTeX\tex/latex/beamer\beamerbased
ecode.sty
\beamer@slideinframe=\count188
\beamer@minimum=\count189
\beamer@decode@box=\box52
)
\beamer@commentbox=\box53
\beamer@modecount=\count190
)
(C:\Users\Abdelazeem\AppData\Local\Programs\MiKTeX\tex/generic/iftex\iftex.sty
Package: iftex 2022/02/03 v1.0f TeX engine tests
)
\headdp=\dimen138
\footheight=\dimen139
\sidebarheight=\dimen140
\beamer@tempdim=\dimen141
\beamer@finalheight=\dimen142
\beamer@animht=\dimen143
\beamer@animdp=\dimen144
\beamer@animwd=\dimen145
\beamer@leftmargin=\dimen146
\beamer@rightmargin=\dimen147
\beamer@leftsidebar=\dimen148
\beamer@rightsidebar=\dimen149
\beamer@boxsize=\dimen150
\beamer@vboxoffset=\dimen151
\beamer@descdefault=\dimen152
\beamer@descriptionwidth=\dimen153
\beamer@lastskip=\skip47
\beamer@areabox=\box54
\beamer@animcurrent=\box55
\beamer@animshowbox=\box56
\beamer@sectionbox=\box57
\beamer@logobox=\box58
\beamer@linebox=\box59
\beamer@sectioncount=\count191
\beamer@subsubsectionmax=\count192
\beamer@subsectionmax=\count193
\beamer@sectionmax=\count194
\beamer@totalheads=\count195
\beamer@headcounter=\count196
\beamer@partstartpage=\count197
\beamer@sectionstartpage=\count198
\beamer@subsectionstartpage=\count199
\beamer@animationtempa=\count266
\beamer@animationtempb=\count267
\beamer@xpos=\count268
\beamer@ypos=\count269
\beamer@ypos@offset=\count270
\beamer@showpartnumber=\count271
\beamer@currentsubsection=\count272
\beamer@coveringdepth=\count273
\beamer@sectionadjust=\count274
\beamer@toclastsection=\count275
\beamer@tocsectionnumber=\count276

(C:\Users\Abdelazeem\AppData\Local\Programs\MiKTeX\tex/latex/beamer\beamerbaseo
ptions.sty
(C:\Users\Abdelazeem\AppData\Local\Programs\MiKTeX\tex/latex/graphics\keyval.st
y
Package: keyval 2022/05/29 v1.15 key=value parser (DPC)
\KV@toks@=\toks16
))
\beamer@paperwidth=\skip48
\beamer@paperheight=\skip49

(C:\Users\Abdelazeem\AppData\Local\Programs\MiKTeX\tex/latex/geometry\geometry.
sty
Package: geometry 2020/01/02 v5.9 Page Geometry

(C:\Users\Abdelazeem\AppData\Local\Programs\MiKTeX\tex/generic/iftex\ifvtex.sty
Package: ifvtex 2019/10/25 v1.7 ifvtex legacy package. Use iftex instead.
)
\Gm@cnth=\count277
\Gm@cntv=\count278
\c@Gm@tempcnt=\count279
\Gm@bindingoffset=\dimen154
\Gm@wd@mp=\dimen155
\Gm@odd@mp=\dimen156
\Gm@even@mp=\dimen157
\Gm@layoutwidth=\dimen158
\Gm@layoutheight=\dimen159
\Gm@layouthoffset=\dimen160
\Gm@layoutvoffset=\dimen161
\Gm@dimlist=\toks17

(C:\Users\Abdelazeem\AppData\Local\Programs\MiKTeX\tex/latex/geometry\geometry.
cfg))
(C:\Users\Abdelazeem\AppData\Local\Programs\MiKTeX\tex/latex/pgf/math\pgfmath.s
ty
(C:\Users\Abdelazeem\AppData\Local\Programs\MiKTeX\tex/latex/pgf/utilities\pgfr
cs.sty
(C:\Users\Abdelazeem\AppData\Local\Programs\MiKTeX\tex/generic/pgf/utilities\pg
futil-common.tex
\pgfutil@everybye=\toks18
\pgfutil@tempdima=\dimen162
\pgfutil@tempdimb=\dimen163

(C:\Users\Abdelazeem\AppData\Local\Programs\MiKTeX\tex/generic/pgf/utilities\pg
futil-common-lists.tex))
(C:\Users\Abdelazeem\AppData\Local\Programs\MiKTeX\tex/generic/pgf/utilities\pg
futil-latex.def
\pgfutil@abb=\box60
)
(C:\Users\Abdelazeem\AppData\Local\Programs\MiKTeX\tex/generic/pgf/utilities\pg
frcs.code.tex
(C:\Users\Abdelazeem\AppData\Local\Programs\MiKTeX\tex/generic/pgf\pgf.revision
.tex)
Package: pgfrcs 2021/05/15 v3.1.9a (3.1.9a)
))
(C:\Users\Abdelazeem\AppData\Local\Programs\MiKTeX\tex/latex/pgf/utilities\pgfk
eys.sty
(C:\Users\Abdelazeem\AppData\Local\Programs\MiKTeX\tex/generic/pgf/utilities\pg
fkeys.code.tex
\pgfkeys@pathtoks=\toks19
\pgfkeys@temptoks=\toks20

(C:\Users\Abdelazeem\AppData\Local\Programs\MiKTeX\tex/generic/pgf/utilities\pg
fkeysfiltered.code.tex
\pgfkeys@tmptoks=\toks21
)))
(C:\Users\Abdelazeem\AppData\Local\Programs\MiKTeX\tex/generic/pgf/math\pgfmath
.code.tex
(C:\Users\Abdelazeem\AppData\Local\Programs\MiKTeX\tex/generic/pgf/math\pgfmath
calc.code.tex
(C:\Users\Abdelazeem\AppData\Local\Programs\MiKTeX\tex/generic/pgf/math\pgfmath
util.code.tex
\pgf@x=\dimen164
\pgf@xa=\dimen165
\pgf@xb=\dimen166
\pgf@xc=\dimen167
\pgf@y=\dimen168
\pgf@ya=\dimen169
\pgf@yb=\dimen170
\pgf@yc=\dimen171
\c@pgf@counta=\count280
\c@pgf@countb=\count281
\c@pgf@countc=\count282
\c@pgf@countd=\count283
)
(C:\Users\Abdelazeem\AppData\Local\Programs\MiKTeX\tex/generic/pgf/math\pgfmath
parser.code.tex
\pgfmath@dimen=\dimen172
\pgfmath@count=\count284
\pgfmath@box=\box61
\pgfmath@toks=\toks22
\pgfmath@stack@operand=\toks23
\pgfmath@stack@operation=\toks24
)
(C:\Users\Abdelazeem\AppData\Local\Programs\MiKTeX\tex/generic/pgf/math\pgfmath
functions.code.tex
(C:\Users\Abdelazeem\AppData\Local\Programs\MiKTeX\tex/generic/pgf/math\pgfmath
functions.basic.code.tex)
(C:\Users\Abdelazeem\AppData\Local\Programs\MiKTeX\tex/generic/pgf/math\pgfmath
functions.trigonometric.code.tex)
(C:\Users\Abdelazeem\AppData\Local\Programs\MiKTeX\tex/generic/pgf/math\pgfmath
functions.random.code.tex)
(C:\Users\Abdelazeem\AppData\Local\Programs\MiKTeX\tex/generic/pgf/math\pgfmath
functions.comparison.code.tex)
(C:\Users\Abdelazeem\AppData\Local\Programs\MiKTeX\tex/generic/pgf/math\pgfmath
functions.base.code.tex)
(C:\Users\Abdelazeem\AppData\Local\Programs\MiKTeX\tex/generic/pgf/math\pgfmath
functions.round.code.tex)
(C:\Users\Abdelazeem\AppData\Local\Programs\MiKTeX\tex/generic/pgf/math\pgfmath
functions.misc.code.tex)
(C:\Users\Abdelazeem\AppData\Local\Programs\MiKTeX\tex/generic/pgf/math\pgfmath
functions.integerarithmetics.code.tex)))
(C:\Users\Abdelazeem\AppData\Local\Programs\MiKTeX\tex/generic/pgf/math\pgfmath
float.code.tex
\c@pgfmathroundto@lastzeros=\count285
)))
(C:\Users\Abdelazeem\AppData\Local\Programs\MiKTeX\tex/latex/base\size11.clo
File: size11.clo 2021/10/04 v1.4n Standard LaTeX file (size option)
)
(C:\Users\Abdelazeem\AppData\Local\Programs\MiKTeX\tex/latex/pgf/basiclayer\pgf
core.sty
(C:\Users\Abdelazeem\AppData\Local\Programs\MiKTeX\tex/latex/graphics\graphicx.
sty
Package: graphicx 2021/09/16 v1.2d Enhanced LaTeX Graphics (DPC,SPQR)

(C:\Users\Abdelazeem\AppData\Local\Programs\MiKTeX\tex/latex/graphics\graphics.
sty
Package: graphics 2022/03/10 v1.4e Standard LaTeX Graphics (DPC,SPQR)

(C:\Users\Abdelazeem\AppData\Local\Programs\MiKTeX\tex/latex/graphics\trig.sty
Package: trig 2021/08/11 v1.11 sin cos tan (DPC)
)
(C:\Users\Abdelazeem\AppData\Local\Programs\MiKTeX\tex/latex/graphics-cfg\graph
ics.cfg
File: graphics.cfg 2016/06/04 v1.11 sample graphics configuration
)
Package graphics Info: Driver file: pdftex.def on input line 107.

(C:\Users\Abdelazeem\AppData\Local\Programs\MiKTeX\tex/latex/graphics-def\pdfte
x.def
File: pdftex.def 2022/09/22 v1.2b Graphics/color driver for pdftex
\stockwidth=\dimen173
\stockheight=\dimen174
))
\Gin@req@height=\dimen175
\Gin@req@width=\dimen176
)
(C:\Users\Abdelazeem\AppData\Local\Programs\MiKTeX\tex/latex/pgf/systemlayer\pg
fsys.sty
(C:\Users\Abdelazeem\AppData\Local\Programs\MiKTeX\tex/generic/pgf/systemlayer\
pgfsys.code.tex
Package: pgfsys 2021/05/15 v3.1.9a (3.1.9a)

(C:\Users\Abdelazeem\AppData\Local\Programs\MiKTeX\tex/generic/pgf/utilities\pg
fkeys.code.tex)
\pgf@x=\dimen177
\pgf@y=\dimen178
\pgf@xa=\dimen179
\pgf@ya=\dimen180
\pgf@xb=\dimen181
\pgf@yb=\dimen182
\pgf@xc=\dimen183
\pgf@yc=\dimen184
\pgf@xd=\dimen185
\pgf@yd=\dimen186
\w@pgf@writea=\write3
\r@pgf@reada=\read2
\c@pgf@counta=\count286
\c@pgf@countb=\count287
\c@pgf@countc=\count288
\c@pgf@countd=\count289
\t@pgf@toka=\toks25
\t@pgf@tokb=\toks26
\t@pgf@tokc=\toks27
\pgf@sys@id@count=\count290

(C:\Users\Abdelazeem\AppData\Local\Programs\MiKTeX\tex/generic/pgf/systemlayer\
pgf.cfg
File: pgf.cfg 2021/05/15 v3.1.9a (3.1.9a)
)
Driver file for pgf: pgfsys-pdftex.def

(C:\Users\Abdelazeem\AppData\Local\Programs\MiKTeX\tex/generic/pgf/systemlayer\
pgfsys-pdftex.def
File: pgfsys-pdftex.def 2021/05/15 v3.1.9a (3.1.9a)

(C:\Users\Abdelazeem\AppData\Local\Programs\MiKTeX\tex/generic/pgf/systemlayer\
pgfsys-common-pdf.def
File: pgfsys-common-pdf.def 2021/05/15 v3.1.9a (3.1.9a)
)))
(C:\Users\Abdelazeem\AppData\Local\Programs\MiKTeX\tex/generic/pgf/systemlayer\
pgfsyssoftpath.code.tex
File: pgfsyssoftpath.code.tex 2021/05/15 v3.1.9a (3.1.9a)
\pgfsyssoftpath@smallbuffer@items=\count291
\pgfsyssoftpath@bigbuffer@items=\count292
)
(C:\Users\Abdelazeem\AppData\Local\Programs\MiKTeX\tex/generic/pgf/systemlayer\
pgfsysprotocol.code.tex
File: pgfsysprotocol.code.tex 2021/05/15 v3.1.9a (3.1.9a)
))
(C:\Users\Abdelazeem\AppData\Local\Programs\MiKTeX\tex/latex/xcolor\xcolor.sty
Package: xcolor 2022/06/12 v2.14 LaTeX color extensions (UK)

(C:\Users\Abdelazeem\AppData\Local\Programs\MiKTeX\tex/latex/graphics-cfg\color
.cfg
File: color.cfg 2016/01/02 v1.6 sample color configuration
)
Package xcolor Info: Driver file: pdftex.def on input line 227.

(C:\Users\Abdelazeem\AppData\Local\Programs\MiKTeX\tex/latex/graphics\mathcolor
.ltx)
Package xcolor Info: Model `cmy' substituted by `cmy0' on input line 1353.
Package xcolor Info: Model `hsb' substituted by `rgb' on input line 1357.
Package xcolor Info: Model `RGB' extended on input line 1369.
Package xcolor Info: Model `HTML' substituted by `rgb' on input line 1371.
Package xcolor Info: Model `Hsb' substituted by `hsb' on input line 1372.
Package xcolor Info: Model `tHsb' substituted by `hsb' on input line 1373.
Package xcolor Info: Model `HSB' substituted by `hsb' on input line 1374.
Package xcolor Info: Model `Gray' substituted by `gray' on input line 1375.
Package xcolor Info: Model `wave' substituted by `hsb' on input line 1376.
)
(C:\Users\Abdelazeem\AppData\Local\Programs\MiKTeX\tex/generic/pgf/basiclayer\p
gfcore.code.tex
Package: pgfcore 2021/05/15 v3.1.9a (3.1.9a)

(C:\Users\Abdelazeem\AppData\Local\Programs\MiKTeX\tex/generic/pgf/math\pgfmath
.code.tex)
(C:\Users\Abdelazeem\AppData\Local\Programs\MiKTeX\tex/generic/pgf/math\pgfint.
code.tex)
(C:\Users\Abdelazeem\AppData\Local\Programs\MiKTeX\tex/generic/pgf/basiclayer\p
gfcorepoints.code.tex
File: pgfcorepoints.code.tex 2021/05/15 v3.1.9a (3.1.9a)
\pgf@picminx=\dimen187
\pgf@picmaxx=\dimen188
\pgf@picminy=\dimen189
\pgf@picmaxy=\dimen190
\pgf@pathminx=\dimen191
\pgf@pathmaxx=\dimen192
\pgf@pathminy=\dimen193
\pgf@pathmaxy=\dimen194
\pgf@xx=\dimen195
\pgf@xy=\dimen196
\pgf@yx=\dimen197
\pgf@yy=\dimen198
\pgf@zx=\dimen199
\pgf@zy=\dimen256
)
(C:\Users\Abdelazeem\AppData\Local\Programs\MiKTeX\tex/generic/pgf/basiclayer\p
gfcorepathconstruct.code.tex
File: pgfcorepathconstruct.code.tex 2021/05/15 v3.1.9a (3.1.9a)
\pgf@path@lastx=\dimen257
\pgf@path@lasty=\dimen258
)
(C:\Users\Abdelazeem\AppData\Local\Programs\MiKTeX\tex/generic/pgf/basiclayer\p
gfcorepathusage.code.tex
File: pgfcorepathusage.code.tex 2021/05/15 v3.1.9a (3.1.9a)
\pgf@shorten@end@additional=\dimen259
\pgf@shorten@start@additional=\dimen260
)
(C:\Users\Abdelazeem\AppData\Local\Programs\MiKTeX\tex/generic/pgf/basiclayer\p
gfcorescopes.code.tex
File: pgfcorescopes.code.tex 2021/05/15 v3.1.9a (3.1.9a)
\pgfpic=\box62
\pgf@hbox=\box63
\pgf@layerbox@main=\box64
\pgf@picture@serial@count=\count293
)
(C:\Users\Abdelazeem\AppData\Local\Programs\MiKTeX\tex/generic/pgf/basiclayer\p
gfcoregraphicstate.code.tex
File: pgfcoregraphicstate.code.tex 2021/05/15 v3.1.9a (3.1.9a)
\pgflinewidth=\dimen261
)
(C:\Users\Abdelazeem\AppData\Local\Programs\MiKTeX\tex/generic/pgf/basiclayer\p
gfcoretransformations.code.tex
File: pgfcoretransformations.code.tex 2021/05/15 v3.1.9a (3.1.9a)
\pgf@pt@x=\dimen262
\pgf@pt@y=\dimen263
\pgf@pt@temp=\dimen264
)
(C:\Users\Abdelazeem\AppData\Local\Programs\MiKTeX\tex/generic/pgf/basiclayer\p
gfcorequick.code.tex
File: pgfcorequick.code.tex 2021/05/15 v3.1.9a (3.1.9a)
)
(C:\Users\Abdelazeem\AppData\Local\Programs\MiKTeX\tex/generic/pgf/basiclayer\p
gfcoreobjects.code.tex
File: pgfcoreobjects.code.tex 2021/05/15 v3.1.9a (3.1.9a)
)
(C:\Users\Abdelazeem\AppData\Local\Programs\MiKTeX\tex/generic/pgf/basiclayer\p
gfcorepathprocessing.code.tex
File: pgfcorepathprocessing.code.tex 2021/05/15 v3.1.9a (3.1.9a)
)
(C:\Users\Abdelazeem\AppData\Local\Programs\MiKTeX\tex/generic/pgf/basiclayer\p
gfcorearrows.code.tex
File: pgfcorearrows.code.tex 2021/05/15 v3.1.9a (3.1.9a)
\pgfarrowsep=\dimen265
)
(C:\Users\Abdelazeem\AppData\Local\Programs\MiKTeX\tex/generic/pgf/basiclayer\p
gfcoreshade.code.tex
File: pgfcoreshade.code.tex 2021/05/15 v3.1.9a (3.1.9a)
\pgf@max=\dimen266
\pgf@sys@shading@range@num=\count294
\pgf@shadingcount=\count295
)
(C:\Users\Abdelazeem\AppData\Local\Programs\MiKTeX\tex/generic/pgf/basiclayer\p
gfcoreimage.code.tex
File: pgfcoreimage.code.tex 2021/05/15 v3.1.9a (3.1.9a)

(C:\Users\Abdelazeem\AppData\Local\Programs\MiKTeX\tex/generic/pgf/basiclayer\p
gfcoreexternal.code.tex
File: pgfcoreexternal.code.tex 2021/05/15 v3.1.9a (3.1.9a)
\pgfexternal@startupbox=\box65
))
(C:\Users\Abdelazeem\AppData\Local\Programs\MiKTeX\tex/generic/pgf/basiclayer\p
gfcorelayers.code.tex
File: pgfcorelayers.code.tex 2021/05/15 v3.1.9a (3.1.9a)
)
(C:\Users\Abdelazeem\AppData\Local\Programs\MiKTeX\tex/generic/pgf/basiclayer\p
gfcoretransparency.code.tex
File: pgfcoretransparency.code.tex 2021/05/15 v3.1.9a (3.1.9a)
)
(C:\Users\Abdelazeem\AppData\Local\Programs\MiKTeX\tex/generic/pgf/basiclayer\p
gfcorepatterns.code.tex
File: pgfcorepatterns.code.tex 2021/05/15 v3.1.9a (3.1.9a)
)
(C:\Users\Abdelazeem\AppData\Local\Programs\MiKTeX\tex/generic/pgf/basiclayer\p
gfcorerdf.code.tex
File: pgfcorerdf.code.tex 2021/05/15 v3.1.9a (3.1.9a)
)))
(C:\Users\Abdelazeem\AppData\Local\Programs\MiKTeX\tex/latex/pgf/utilities\xxco
lor.sty
Package: xxcolor 2003/10/24 ver 0.1
\XC@nummixins=\count296
\XC@countmixins=\count297
)
(C:\Users\Abdelazeem\AppData\Local\Programs\MiKTeX\tex/latex/base\atbegshi-ltx.
sty
Package: atbegshi-ltx 2021/01/10 v1.0c Emulation of the original atbegshi
package with kernel methods
)
(C:\Users\Abdelazeem\AppData\Local\Programs\MiKTeX\tex/latex/hyperref\hyperref.
sty
Package: hyperref 2022-09-22 v7.00t Hypertext links for LaTeX

(C:\Users\Abdelazeem\AppData\Local\Programs\MiKTeX\tex/generic/ltxcmds\ltxcmds.
sty
Package: ltxcmds 2020-05-10 v1.25 LaTeX kernel commands for general use (HO)
)
(C:\Users\Abdelazeem\AppData\Local\Programs\MiKTeX\tex/generic/pdftexcmds\pdfte
xcmds.sty
Package: pdftexcmds 2020-06-27 v0.33 Utility functions of pdfTeX for LuaTeX (HO
)

(C:\Users\Abdelazeem\AppData\Local\Programs\MiKTeX\tex/generic/infwarerr\infwar
err.sty
Package: infwarerr 2019/12/03 v1.5 Providing info/warning/error messages (HO)
)
Package pdftexcmds Info: \pdf@primitive is available.
Package pdftexcmds Info: \pdf@ifprimitive is available.
Package pdftexcmds Info: \pdfdraftmode found.
)
(C:\Users\Abdelazeem\AppData\Local\Programs\MiKTeX\tex/latex/kvsetkeys\kvsetkey
s.sty
Package: kvsetkeys 2022-10-05 v1.19 Key value parser (HO)
)
(C:\Users\Abdelazeem\AppData\Local\Programs\MiKTeX\tex/generic/kvdefinekeys\kvd
efinekeys.sty
Package: kvdefinekeys 2019-12-19 v1.6 Define keys (HO)
)
(C:\Users\Abdelazeem\AppData\Local\Programs\MiKTeX\tex/generic/pdfescape\pdfesc
ape.sty
Package: pdfescape 2019/12/09 v1.15 Implements pdfTeX's escape features (HO)
)
(C:\Users\Abdelazeem\AppData\Local\Programs\MiKTeX\tex/latex/hycolor\hycolor.st
y
Package: hycolor 2020-01-27 v1.10 Color options for hyperref/bookmark (HO)
)
(C:\Users\Abdelazeem\AppData\Local\Programs\MiKTeX\tex/latex/letltxmacro\letltx
macro.sty
Package: letltxmacro 2019/12/03 v1.6 Let assignment for LaTeX macros (HO)
)
(C:\Users\Abdelazeem\AppData\Local\Programs\MiKTeX\tex/latex/auxhook\auxhook.st
y
Package: auxhook 2019-12-17 v1.6 Hooks for auxiliary files (HO)
)
(C:\Users\Abdelazeem\AppData\Local\Programs\MiKTeX\tex/latex/hyperref\nameref.s
ty
Package: nameref 2022-05-17 v2.50 Cross-referencing by name of section

(C:\Users\Abdelazeem\AppData\Local\Programs\MiKTeX\tex/latex/refcount\refcount.
sty
Package: refcount 2019/12/15 v3.6 Data extraction from label references (HO)
)
(C:\Users\Abdelazeem\AppData\Local\Programs\MiKTeX\tex/generic/gettitlestring\g
ettitlestring.sty
Package: gettitlestring 2019/12/15 v1.6 Cleanup title references (HO)

(C:\Users\Abdelazeem\AppData\Local\Programs\MiKTeX\tex/latex/kvoptions\kvoption
s.sty
Package: kvoptions 2022-06-15 v3.15 Key value format for package options (HO)
))
\c@section@level=\count298
)
\@linkdim=\dimen267
\Hy@linkcounter=\count299
\Hy@pagecounter=\count300

(C:\Users\Abdelazeem\AppData\Local\Programs\MiKTeX\tex/latex/hyperref\pd1enc.de
f
File: pd1enc.def 2022-09-22 v7.00t Hyperref: PDFDocEncoding definition (HO)
Now handling font encoding PD1 ...
... no UTF-8 mapping file for font encoding PD1
)
(C:\Users\Abdelazeem\AppData\Local\Programs\MiKTeX\tex/generic/intcalc\intcalc.
sty
Package: intcalc 2019/12/15 v1.3 Expandable calculations with integers (HO)
)
(C:\Users\Abdelazeem\AppData\Local\Programs\MiKTeX\tex/generic/etexcmds\etexcmd
s.sty
Package: etexcmds 2019/12/15 v1.7 Avoid name clashes with e-TeX commands (HO)
)
\Hy@SavedSpaceFactor=\count301

(C:\Users\Abdelazeem\AppData\Local\Programs\MiKTeX\tex/latex/hyperref\puenc.def
File: puenc.def 2022-09-22 v7.00t Hyperref: PDF Unicode definition (HO)
Now handling font encoding PU ...
... no UTF-8 mapping file for font encoding PU
)
Package hyperref Info: Option `bookmarks' set `true' on input line 4045.
Package hyperref Info: Option `bookmarksopen' set `true' on input line 4045.
Package hyperref Info: Option `implicit' set `false' on input line 4045.
Package hyperref Info: Hyper figures OFF on input line 4162.
Package hyperref Info: Link nesting OFF on input line 4167.
Package hyperref Info: Hyper index ON on input line 4170.
Package hyperref Info: Plain pages OFF on input line 4177.
Package hyperref Info: Backreferencing OFF on input line 4182.
Package hyperref Info: Implicit mode OFF; no redefinition of LaTeX internals.
Package hyperref Info: Bookmarks ON on input line 4410.
\c@Hy@tempcnt=\count302
 (C:\Users\Abdelazeem\AppData\Local\Programs\MiKTeX\tex/latex/url\url.sty
\Urlmuskip=\muskip16
Package: url 2013/09/16  ver 3.4  Verb mode for urls, etc.
)
LaTeX Info: Redefining \url on input line 4748.
\XeTeXLinkMargin=\dimen268

(C:\Users\Abdelazeem\AppData\Local\Programs\MiKTeX\tex/generic/bitset\bitset.st
y
Package: bitset 2019/12/09 v1.3 Handle bit-vector datatype (HO)

(C:\Users\Abdelazeem\AppData\Local\Programs\MiKTeX\tex/generic/bigintcalc\bigin
tcalc.sty
Package: bigintcalc 2019/12/15 v1.5 Expandable calculations on big integers (HO
)
))
\Fld@menulength=\count303
\Field@Width=\dimen269
\Fld@charsize=\dimen270
Package hyperref Info: Hyper figures OFF on input line 6027.
Package hyperref Info: Link nesting OFF on input line 6032.
Package hyperref Info: Hyper index ON on input line 6035.
Package hyperref Info: backreferencing OFF on input line 6042.
Package hyperref Info: Link coloring OFF on input line 6047.
Package hyperref Info: Link coloring with OCG OFF on input line 6052.
Package hyperref Info: PDF/A mode OFF on input line 6057.
\Hy@abspage=\count304


Package hyperref Message: Stopped early.

)
Package hyperref Info: Driver (autodetected): hpdftex.

(C:\Users\Abdelazeem\AppData\Local\Programs\MiKTeX\tex/latex/hyperref\hpdftex.d
ef
File: hpdftex.def 2022-09-22 v7.00t Hyperref driver for pdfTeX

(C:\Users\Abdelazeem\AppData\Local\Programs\MiKTeX\tex/latex/base\atveryend-ltx
.sty
Package: atveryend-ltx 2020/08/19 v1.0a Emulation of the original atveryend pac
kage
with kernel methods
)
\Fld@listcount=\count305
\c@bookmark@seq@number=\count306

(C:\Users\Abdelazeem\AppData\Local\Programs\MiKTeX\tex/latex/rerunfilecheck\rer
unfilecheck.sty
Package: rerunfilecheck 2022-07-10 v1.10 Rerun checks for auxiliary files (HO)

(C:\Users\Abdelazeem\AppData\Local\Programs\MiKTeX\tex/generic/uniquecounter\un
iquecounter.sty
Package: uniquecounter 2019/12/15 v1.4 Provide unlimited unique counter (HO)
)
Package uniquecounter Info: New unique counter `rerunfilecheck' on input line 2
85.
))
(C:\Users\Abdelazeem\AppData\Local\Programs\MiKTeX\tex/latex/beamer\beamerbaser
equires.sty
(C:\Users\Abdelazeem\AppData\Local\Programs\MiKTeX\tex/latex/beamer\beamerbasec
ompatibility.sty)
(C:\Users\Abdelazeem\AppData\Local\Programs\MiKTeX\tex/latex/beamer\beamerbasef
ont.sty
(C:\Users\Abdelazeem\AppData\Local\Programs\MiKTeX\tex/latex/amsfonts\amssymb.s
ty
Package: amssymb 2013/01/14 v3.01 AMS font symbols

(C:\Users\Abdelazeem\AppData\Local\Programs\MiKTeX\tex/latex/amsfonts\amsfonts.
sty
Package: amsfonts 2013/01/14 v3.01 Basic AMSFonts support
\@emptytoks=\toks28
\symAMSa=\mathgroup4
\symAMSb=\mathgroup5
LaTeX Font Info:    Redeclaring math symbol \hbar on input line 98.
LaTeX Font Info:    Overwriting math alphabet `\mathfrak' in version `bold'
(Font)                  U/euf/m/n --> U/euf/b/n on input line 106.
))
(C:\Users\Abdelazeem\AppData\Local\Programs\MiKTeX\tex/latex/sansmathaccent\san
smathaccent.sty
Package: sansmathaccent 2020/01/31

(C:\Users\Abdelazeem\AppData\Local\Programs\MiKTeX\tex/latex/koma-script\scrlfi
le.sty
Package: scrlfile 2022/10/12 v3.38 KOMA-Script package (file load hooks)

(C:\Users\Abdelazeem\AppData\Local\Programs\MiKTeX\tex/latex/koma-script\scrlfi
le-hook.sty
Package: scrlfile-hook 2022/10/12 v3.38 KOMA-Script package (using LaTeX hooks)


(C:\Users\Abdelazeem\AppData\Local\Programs\MiKTeX\tex/latex/koma-script\scrlog
o.sty
Package: scrlogo 2022/10/12 v3.38 KOMA-Script package (logo)
)))))
(C:\Users\Abdelazeem\AppData\Local\Programs\MiKTeX\tex/latex/beamer\beamerbaset
ranslator.sty
(C:\Users\Abdelazeem\AppData\Local\Programs\MiKTeX\tex/latex/translator\transla
tor.sty
Package: translator 2021-05-31 v1.12d Easy translation of strings in LaTeX
))
(C:\Users\Abdelazeem\AppData\Local\Programs\MiKTeX\tex/latex/beamer\beamerbasem
isc.sty)
(C:\Users\Abdelazeem\AppData\Local\Programs\MiKTeX\tex/latex/beamer\beamerbaset
woscreens.sty)
(C:\Users\Abdelazeem\AppData\Local\Programs\MiKTeX\tex/latex/beamer\beamerbaseo
verlay.sty
\beamer@argscount=\count307
\beamer@lastskipcover=\skip50
\beamer@trivlistdepth=\count308
)
(C:\Users\Abdelazeem\AppData\Local\Programs\MiKTeX\tex/latex/beamer\beamerbaset
itle.sty)
(C:\Users\Abdelazeem\AppData\Local\Programs\MiKTeX\tex/latex/beamer\beamerbases
ection.sty
\c@lecture=\count309
\c@part=\count310
\c@section=\count311
\c@subsection=\count312
\c@subsubsection=\count313
)
(C:\Users\Abdelazeem\AppData\Local\Programs\MiKTeX\tex/latex/beamer\beamerbasef
rame.sty
\beamer@framebox=\box66
\beamer@frametitlebox=\box67
\beamer@zoombox=\box68
\beamer@zoomcount=\count314
\beamer@zoomframecount=\count315
\beamer@frametextheight=\dimen271
\c@subsectionslide=\count316
\beamer@frametopskip=\skip51
\beamer@framebottomskip=\skip52
\beamer@frametopskipautobreak=\skip53
\beamer@framebottomskipautobreak=\skip54
\beamer@envbody=\toks29
\framewidth=\dimen272
\c@framenumber=\count317
)
(C:\Users\Abdelazeem\AppData\Local\Programs\MiKTeX\tex/latex/beamer\beamerbasev
erbatim.sty
\beamer@verbatimfileout=\write4
)
(C:\Users\Abdelazeem\AppData\Local\Programs\MiKTeX\tex/latex/beamer\beamerbasef
ramesize.sty
\beamer@splitbox=\box69
\beamer@autobreakcount=\count318
\beamer@autobreaklastheight=\dimen273
\beamer@frametitletoks=\toks30
\beamer@framesubtitletoks=\toks31
)
(C:\Users\Abdelazeem\AppData\Local\Programs\MiKTeX\tex/latex/beamer\beamerbasef
ramecomponents.sty
\beamer@footins=\box70
)
(C:\Users\Abdelazeem\AppData\Local\Programs\MiKTeX\tex/latex/beamer\beamerbasec
olor.sty)
(C:\Users\Abdelazeem\AppData\Local\Programs\MiKTeX\tex/latex/beamer\beamerbasen
otes.sty
\beamer@frameboxcopy=\box71
)
(C:\Users\Abdelazeem\AppData\Local\Programs\MiKTeX\tex/latex/beamer\beamerbaset
oc.sty)
(C:\Users\Abdelazeem\AppData\Local\Programs\MiKTeX\tex/latex/beamer\beamerbaset
emplates.sty
\beamer@sbttoks=\toks32

(C:\Users\Abdelazeem\AppData\Local\Programs\MiKTeX\tex/latex/beamer\beamerbasea
uxtemplates.sty
(C:\Users\Abdelazeem\AppData\Local\Programs\MiKTeX\tex/latex/beamer\beamerbaseb
oxes.sty
\bmb@box=\box72
\bmb@colorbox=\box73
\bmb@boxwidth=\dimen274
\bmb@boxheight=\dimen275
\bmb@prevheight=\dimen276
\bmb@temp=\dimen277
\bmb@dima=\dimen278
\bmb@dimb=\dimen279
\bmb@prevheight=\dimen280
)
\beamer@blockheadheight=\dimen281
))
(C:\Users\Abdelazeem\AppData\Local\Programs\MiKTeX\tex/latex/beamer\beamerbasel
ocalstructure.sty
(C:\Users\Abdelazeem\AppData\Local\Programs\MiKTeX\tex/latex/tools\enumerate.st
y
Package: enumerate 2015/07/23 v3.00 enumerate extensions (DPC)
\@enLab=\toks33
)
\beamer@bibiconwidth=\skip55
\c@figure=\count319
\c@table=\count320
\abovecaptionskip=\skip56
\belowcaptionskip=\skip57
)
(C:\Users\Abdelazeem\AppData\Local\Programs\MiKTeX\tex/latex/beamer\beamerbasen
avigation.sty
\beamer@section@min@dim=\dimen282
)
(C:\Users\Abdelazeem\AppData\Local\Programs\MiKTeX\tex/latex/beamer\beamerbaset
heorems.sty
(C:\Users\Abdelazeem\AppData\Local\Programs\MiKTeX\tex/latex/amsmath\amsmath.st
y
Package: amsmath 2022/04/08 v2.17n AMS math features
\@mathmargin=\skip58

For additional information on amsmath, use the `?' option.

(C:\Users\Abdelazeem\AppData\Local\Programs\MiKTeX\tex/latex/amsmath\amstext.st
y
Package: amstext 2021/08/26 v2.01 AMS text

(C:\Users\Abdelazeem\AppData\Local\Programs\MiKTeX\tex/latex/amsmath\amsgen.sty
File: amsgen.sty 1999/11/30 v2.0 generic functions
\@emptytoks=\toks34
\ex@=\dimen283
))
(C:\Users\Abdelazeem\AppData\Local\Programs\MiKTeX\tex/latex/amsmath\amsbsy.sty
Package: amsbsy 1999/11/29 v1.2d Bold Symbols
\pmbraise@=\dimen284
)
(C:\Users\Abdelazeem\AppData\Local\Programs\MiKTeX\tex/latex/amsmath\amsopn.sty
Package: amsopn 2022/04/08 v2.04 operator names
)
\inf@bad=\count321
LaTeX Info: Redefining \frac on input line 234.
\uproot@=\count322
\leftroot@=\count323
LaTeX Info: Redefining \overline on input line 399.
LaTeX Info: Redefining \colon on input line 410.
\classnum@=\count324
\DOTSCASE@=\count325
LaTeX Info: Redefining \ldots on input line 496.
LaTeX Info: Redefining \dots on input line 499.
LaTeX Info: Redefining \cdots on input line 620.
\Mathstrutbox@=\box74
\strutbox@=\box75
LaTeX Info: Redefining \big on input line 722.
LaTeX Info: Redefining \Big on input line 723.
LaTeX Info: Redefining \bigg on input line 724.
LaTeX Info: Redefining \Bigg on input line 725.
\big@size=\dimen285
LaTeX Font Info:    Redeclaring font encoding OML on input line 743.
LaTeX Font Info:    Redeclaring font encoding OMS on input line 744.
\macc@depth=\count326
LaTeX Info: Redefining \bmod on input line 905.
LaTeX Info: Redefining \pmod on input line 910.
LaTeX Info: Redefining \smash on input line 940.
LaTeX Info: Redefining \relbar on input line 970.
LaTeX Info: Redefining \Relbar on input line 971.
\c@MaxMatrixCols=\count327
\dotsspace@=\muskip17
\c@parentequation=\count328
\dspbrk@lvl=\count329
\tag@help=\toks35
\row@=\count330
\column@=\count331
\maxfields@=\count332
\andhelp@=\toks36
\eqnshift@=\dimen286
\alignsep@=\dimen287
\tagshift@=\dimen288
\tagwidth@=\dimen289
\totwidth@=\dimen290
\lineht@=\dimen291
\@envbody=\toks37
\multlinegap=\skip59
\multlinetaggap=\skip60
\mathdisplay@stack=\toks38
LaTeX Info: Redefining \[ on input line 2953.
LaTeX Info: Redefining \] on input line 2954.
)
(C:\Users\Abdelazeem\AppData\Local\Programs\MiKTeX\tex/latex/amscls\amsthm.sty
Package: amsthm 2020/05/29 v2.20.6
\thm@style=\toks39
\thm@bodyfont=\toks40
\thm@headfont=\toks41
\thm@notefont=\toks42
\thm@headpunct=\toks43
\thm@preskip=\skip61
\thm@postskip=\skip62
\thm@headsep=\skip63
\dth@everypar=\toks44
)
\c@theorem=\count333
)
(C:\Users\Abdelazeem\AppData\Local\Programs\MiKTeX\tex/latex/beamer\beamerbaset
hemes.sty))
(C:\Users\Abdelazeem\AppData\Local\Programs\MiKTeX\tex/latex/beamer\beamertheme
default.sty
(C:\Users\Abdelazeem\AppData\Local\Programs\MiKTeX\tex/latex/beamer\beamerfontt
hemedefault.sty)
(C:\Users\Abdelazeem\AppData\Local\Programs\MiKTeX\tex/latex/beamer\beamercolor
themedefault.sty)
(C:\Users\Abdelazeem\AppData\Local\Programs\MiKTeX\tex/latex/beamer\beamerinner
themedefault.sty
\beamer@dima=\dimen292
\beamer@dimb=\dimen293
)
(C:\Users\Abdelazeem\AppData\Local\Programs\MiKTeX\tex/latex/beamer\beamerouter
themedefault.sty)))
(C:\Users\Abdelazeem\AppData\Local\Programs\MiKTeX\tex/latex/beamer\beamertheme
Luebeck.sty
(C:\Users\Abdelazeem\AppData\Local\Programs\MiKTeX\tex/latex/beamer\beamerouter
themesplit.sty)
(C:\Users\Abdelazeem\AppData\Local\Programs\MiKTeX\tex/latex/beamer\beamerinner
themerectangles.sty)
(C:\Users\Abdelazeem\AppData\Local\Programs\MiKTeX\tex/latex/beamer\beamercolor
themewhale.sty)
(C:\Users\Abdelazeem\AppData\Local\Programs\MiKTeX\tex/latex/beamer\beamercolor
themeorchid.sty))
(C:\Users\Abdelazeem\AppData\Local\Programs\MiKTeX\tex/latex/base\inputenc.sty
Package: inputenc 2021/02/14 v1.3d Input encoding file
\inpenc@prehook=\toks45
\inpenc@posthook=\toks46
) (C:\Users\Abdelazeem\AppData\Local\Programs\MiKTeX\tex/latex/subfig\subfig.st
y
Package: subfig 2005/06/28 ver: 1.3 subfig package

(C:\Users\Abdelazeem\AppData\Local\Programs\MiKTeX\tex/latex/caption\caption.st
y
Package: caption 2022/03/01 v3.6b Customizing captions (AR)

(C:\Users\Abdelazeem\AppData\Local\Programs\MiKTeX\tex/latex/caption\caption3.s
ty
Package: caption3 2022/03/17 v2.3b caption3 kernel (AR)
\caption@tempdima=\dimen294
\captionmargin=\dimen295
\caption@leftmargin=\dimen296
\caption@rightmargin=\dimen297
\caption@width=\dimen298
\caption@indent=\dimen299
\caption@parindent=\dimen300
\caption@hangindent=\dimen301
Package caption Info: beamer document class detected.

(C:\Users\Abdelazeem\AppData\Local\Programs\MiKTeX\tex/latex/caption\caption-be
amer.sto
File: caption-beamer.sto 2022/01/06 v2.0c Adaption of the caption package to th
e beamer document classes (AR)
))
\c@caption@flags=\count334
\c@continuedfloat=\count335
Package caption Info: hyperref package is loaded.
Package caption Info: Hyperref support is turned off
(caption)             because hyperref has stopped early.
)
\c@KVtest=\count336
\sf@farskip=\skip64
\sf@captopadj=\dimen302
\sf@capskip=\skip65
\sf@nearskip=\skip66
\c@subfigure=\count337
\c@subfigure@save=\count338
\c@depth=\count339
\c@subtable=\count340
\c@subtable@save=\count341
\sf@top=\skip67
\sf@bottom=\skip68
)
(C:\Users\Abdelazeem\AppData\Local\Programs\MiKTeX\tex/latex/psnfss\utopia.sty
Package: utopia 2020/03/25 PSNFSS-v9.3 (P.Dyballa) 


Package utopia Warning: This package is to be regarded as obsolete.
(utopia)                See the PSNFSS documentation.

)
(C:\Users\Abdelazeem\AppData\Local\Programs\MiKTeX\tex/latex/arabtex\arabtex.st
y
(C:\Users\Abdelazeem\AppData\Local\Programs\MiKTeX\tex/latex/arabtex\aconfig.st
y
LaTeX2e detected 
\a@moduledate=\count342
\a@maindate=\count343
)
Package: arabtex 2003/08/22  3.11 ArabTeX main module

(C:\Users\Abdelazeem\AppData\Local\Programs\MiKTeX\tex/latex/arabtex\arabaux.st
y
Package: arabaux 2003/05/21  3.11 auxiliary macros for ArabTeX
)
(C:\Users\Abdelazeem\AppData\Local\Programs\MiKTeX\tex/latex/arabtex\acmd.sty
Package: acmd 2003/08/20  3.11 Arabic command processing 
)
(C:\Users\Abdelazeem\AppData\Local\Programs\MiKTeX\tex/latex/arabtex\afonts.sty
Package: afonts 1995/11/16  3.04 define Naskh font 

(C:\Users\Abdelazeem\AppData\Local\Programs\MiKTeX\tex/latex/arabtex\afonts2.st
y
Package: afonts2 1998/10/19  3.10 define Naskh fonts for LaTeX2e
))
(C:\Users\Abdelazeem\AppData\Local\Programs\MiKTeX\tex/latex/arabtex\ascan.sty
Package: ascan 2003/08/22  3.11 standard ZDMG input encoding 

(ArabTeX) scanner for code `arabtex' installed.
(ArabTeX) input encoding set to ArabTeX standard conventions.)
(C:\Users\Abdelazeem\AppData\Local\Programs\MiKTeX\tex/latex/arabtex\aparse.sty
Package: aparse 2003/05/26  3.11 get syllables 
)
(C:\Users\Abdelazeem\AppData\Local\Programs\MiKTeX\tex/latex/arabtex\awrite.sty
Package: awrite 2003/06/05  3.11 build output word 

(C:\Users\Abdelazeem\AppData\Local\Programs\MiKTeX\tex/latex/arabtex\xarbsymb.s
ty
Package: xarbsymb 1998/07/15  3.07 symbolic output encoding 
)
(C:\Users\Abdelazeem\AppData\Local\Programs\MiKTeX\tex/latex/arabtex\arabskel.s
ty
Package: arabskel 2000/06/04  3.10 character skeleton definitions 
)
(C:\Users\Abdelazeem\AppData\Local\Programs\MiKTeX\tex/latex/arabtex\xarbskel.s
ty
Package: xarbskel 1999/07/17  3.09 character skeleton definitions 
)
(C:\Users\Abdelazeem\AppData\Local\Programs\MiKTeX\tex/latex/arabtex\aboxes.sty
Package: aboxes 2003/05/28  3.11 build output boxes
)
(C:\Users\Abdelazeem\AppData\Local\Programs\MiKTeX\tex/latex/arabtex\arabtoks.s
ty
Package: arabtoks 1999/07/17  3.09 ArabTeX CS token definitions 
)
(C:\Users\Abdelazeem\AppData\Local\Programs\MiKTeX\tex/latex/arabtex\arabchrs.s
ty
Package: arabchrs 1998/07/11  3.07 letter token definitions 
))
(C:\Users\Abdelazeem\AppData\Local\Programs\MiKTeX\tex/latex/arabtex\aligs.sty
Package: aligs 2003/05/26  3.11 compute ligatures
)
(C:\Users\Abdelazeem\AppData\Local\Programs\MiKTeX\tex/latex/arabtex\aoutput.st
y
Package: aoutput 2000/06/04  3.10 build output lines
)
(C:\Users\Abdelazeem\AppData\Local\Programs\MiKTeX\tex/latex/arabtex\abidir.sty
Package: abidir 2003/08/22  3.11 bidirectional linebreaking
)
(C:\Users\Abdelazeem\AppData\Local\Programs\MiKTeX\tex/latex/arabtex\atrans.sty
Package: atrans 2003/06/14  3.11 generate the transliteration 
(ArabTeX) ZDMG transliteration.)
(C:\Users\Abdelazeem\AppData\Local\Programs\MiKTeX\tex/latex/arabtex\alatex.sty
Package: alatex 2003/05/04  3.11 ArabTeX extensions for LaTeX 
(C:\Users\Abdelazeem\AppData\Local\Programs\MiKTeX\tex/latex/arabtex\afoot.sty
Package: afoot 2003/05/12  3.11 ArabTeX footnotes
))
(C:\Users\Abdelazeem\AppData\Local\Programs\MiKTeX\tex/latex/arabtex\abjad.sty
Package: abjad 2003/04/26  3.11 abjad numerals 
)
(C:\Users\Abdelazeem\AppData\Local\Programs\MiKTeX\tex/latex/arabtex\apatch.sty

(C:\Users\Abdelazeem\AppData\Local\Programs\MiKTeX\tex/latex/arabtex\alists.sty
Package: alists 2003/04/26  3.11 inverted list macros
)
(C:\Users\Abdelazeem\AppData\Local\Programs\MiKTeX\tex/latex/arabtex\asect.sty
Package: asect 2003/04/26  3.11 section macros for Arabic
) (C:\Users\Abdelazeem\AppData\Local\Programs\MiKTeX\tex/latex/arabtex\atabg.st
y
Package: atabg 1997/01/21  3.05 LaTeX tabbing macros for Arabic
)
(C:\Users\Abdelazeem\AppData\Local\Programs\MiKTeX\tex/latex/arabtex\alocal.sty
(ArabTeX) 3.11 local stub, 26.02.2006)
Package: apatch 2006/07/02  3.11s last minute patches 
)
Arabic processor `ArabTeX' [20060702 patch level 3.11s (02.07.2006)]
(ArabTeX) ... now be patient ... )
(C:\Users\Abdelazeem\AppData\Local\Programs\MiKTeX\tex/latex/arabtex\utf8.sty
(C:\Users\Abdelazeem\AppData\Local\Programs\MiKTeX\tex/latex/arabtex\utfcode.st
y
Package: utfcode 2002/03/07  3.10a Arabic+Hebrew segment of UTF-8
\u@lb=\count373
\u@lq=\count374
)
Package: utf8 2000/06/13  3.10 UTF-8 input encoding 
 (ArabTeX) scanner for code UTF-8 installed.)
(ArabTeX) input encoding set to UTF-8 conventions
(C:\Users\Abdelazeem\AppData\Local\Programs\MiKTeX\tex/latex/beamer\beamerfontt
hemeprofessionalfonts.sty)
(C:\Users\Abdelazeem\AppData\Local\Programs\MiKTeX\tex/latex/beamer\beamercolor
themestructure.sty)
(C:\Users\Abdelazeem\AppData\Local\Programs\MiKTeX\tex/latex/l3backend\l3backen
d-pdftex.def
File: l3backend-pdftex.def 2022-09-28 L3 backend support: PDF output (pdfTeX)
\l__color_backend_stack_int=\count375
\l__pdf_internal_box=\box91
) (Floorplanning.aux)
\openout1 = `Floorplanning.aux'.

LaTeX Font Info:    Checking defaults for OML/cmm/m/it on input line 67.
LaTeX Font Info:    ... okay on input line 67.
LaTeX Font Info:    Checking defaults for OMS/cmsy/m/n on input line 67.
LaTeX Font Info:    ... okay on input line 67.
LaTeX Font Info:    Checking defaults for OT1/cmr/m/n on input line 67.
LaTeX Font Info:    ... okay on input line 67.
LaTeX Font Info:    Checking defaults for T1/cmr/m/n on input line 67.
LaTeX Font Info:    ... okay on input line 67.
LaTeX Font Info:    Checking defaults for TS1/cmr/m/n on input line 67.
LaTeX Font Info:    ... okay on input line 67.
LaTeX Font Info:    Checking defaults for OMX/cmex/m/n on input line 67.
LaTeX Font Info:    ... okay on input line 67.
LaTeX Font Info:    Checking defaults for U/cmr/m/n on input line 67.
LaTeX Font Info:    ... okay on input line 67.
LaTeX Font Info:    Checking defaults for PD1/pdf/m/n on input line 67.
LaTeX Font Info:    ... okay on input line 67.
LaTeX Font Info:    Checking defaults for PU/pdf/m/n on input line 67.
LaTeX Font Info:    ... okay on input line 67.

*geometry* driver: auto-detecting
*geometry* detected driver: pdftex
*geometry* verbose mode - [ preamble ] result:
* driver: pdftex
* paper: custom
* layout: <same size as paper>
* layoutoffset:(h,v)=(0.0pt,0.0pt)
* modes: includehead includefoot 
* h-part:(L,W,R)=(28.45274pt, 307.28987pt, 28.45274pt)
* v-part:(T,H,B)=(0.0pt, 273.14662pt, 0.0pt)
* \paperwidth=364.19536pt
* \paperheight=273.14662pt
* \textwidth=307.28987pt
* \textheight=244.6939pt
* \oddsidemargin=-43.81725pt
* \evensidemargin=-43.81725pt
* \topmargin=-72.26999pt
* \headheight=14.22636pt
* \headsep=0.0pt
* \topskip=11.0pt
* \footskip=14.22636pt
* \marginparwidth=4.0pt
* \marginparsep=10.0pt
* \columnsep=10.0pt
* \skip\footins=10.0pt plus 4.0pt minus 2.0pt
* \hoffset=0.0pt
* \voffset=0.0pt
* \mag=1000
* \@twocolumnfalse
* \@twosidefalse
* \@mparswitchfalse
* \@reversemarginfalse
* (1in=72.27pt=25.4mm, 1cm=28.453pt)


(C:\Users\Abdelazeem\AppData\Local\Programs\MiKTeX\tex/context/base/mkii\supp-p
df.mkii
[Loading MPS to PDF converter (version 2006.09.02).]
\scratchcounter=\count376
\scratchdimen=\dimen325
\scratchbox=\box92
\nofMPsegments=\count377
\nofMParguments=\count378
\everyMPshowfont=\toks67
\MPscratchCnt=\count379
\MPscratchDim=\dimen326
\MPnumerator=\count380
\makeMPintoPDFobject=\count381
\everyMPtoPDFconversion=\toks68
)
(C:\Users\Abdelazeem\AppData\Local\Programs\MiKTeX\tex/latex/epstopdf-pkg\epsto
pdf-base.sty
Package: epstopdf-base 2020-01-24 v2.11 Base part for package epstopdf
Package epstopdf-base Info: Redefining graphics rule for `.eps' on input line 4
85.

(C:\Users\Abdelazeem\AppData\Local\Programs\MiKTeX\tex/latex/00miktex\epstopdf-
sys.cfg
File: epstopdf-sys.cfg 2021/03/18 v2.0 Configuration of epstopdf for MiKTeX
))
Package hyperref Info: Link coloring OFF on input line 67.
 (Floorplanning.out) (Floorplanning.out)
\@outlinefile=\write7
\openout7 = `Floorplanning.out'.


(C:\Users\Abdelazeem\AppData\Local\Programs\MiKTeX\tex/latex/translator\transla
tor-basic-dictionary-English.dict
Dictionary: translator-basic-dictionary, Language: English 
)
(C:\Users\Abdelazeem\AppData\Local\Programs\MiKTeX\tex/latex/translator\transla
tor-bibliography-dictionary-English.dict
Dictionary: translator-bibliography-dictionary, Language: English 
)
(C:\Users\Abdelazeem\AppData\Local\Programs\MiKTeX\tex/latex/translator\transla
tor-environment-dictionary-English.dict
Dictionary: translator-environment-dictionary, Language: English 
)
(C:\Users\Abdelazeem\AppData\Local\Programs\MiKTeX\tex/latex/translator\transla
tor-months-dictionary-English.dict
Dictionary: translator-months-dictionary, Language: English 
)
(C:\Users\Abdelazeem\AppData\Local\Programs\MiKTeX\tex/latex/translator\transla
tor-numbers-dictionary-English.dict
Dictionary: translator-numbers-dictionary, Language: English 
)
(C:\Users\Abdelazeem\AppData\Local\Programs\MiKTeX\tex/latex/translator\transla
tor-theorem-dictionary-English.dict
Dictionary: translator-theorem-dictionary, Language: English 
)
Package caption Info: Begin \AtBeginDocument code.
Package caption Info: subfig package v1.3 is loaded.
Package caption Info: End \AtBeginDocument code.
 (Floorplanning.nav)
(C:\Users\Abdelazeem\AppData\Local\Programs\MiKTeX\tex/latex/arabtex\apatch.sty
\a@lines=\count382
\a@Lwidth=\dimen327
\a@displaywidth=\dimen328

(C:\Users\Abdelazeem\AppData\Local\Programs\MiKTeX\tex/latex/arabtex\alocal.sty
(ArabTeX) 3.11 local stub, 26.02.2006)
(ArabTeX) version 3.11s (02.07.2006): second phase of patching) [1{C:/Users/Abd
elazeem/AppData/Local/MiKTeX/fonts/map/pdftex/pdftex.map}

] (Floorplanning.toc)
[2

] (Floorplanning.toc) [3

]
<over.png, id=119, 446.26724pt x 365.56575pt>
File: over.png Graphic file (type png)
<use over.png>
Package pdftex.def Info: over.png  used on input line 90.
(pdftex.def)             Requested size: 245.83282pt x 201.37415pt.
 [4

 <./over.png>] [5

]
<Datasetup.png, id=186, 472.76625pt x 290.88675pt>
File: Datasetup.png Graphic file (type png)
<use Datasetup.png>
Package pdftex.def Info: Datasetup.png  used on input line 103.
(pdftex.def)             Requested size: 307.28987pt x 189.07414pt.
 [6

 <./Datasetup.png>]
LaTeX Font Info:    Font shape `OT1/cmss/b/n' in size <10.95> not available
(Font)              Font shape `OT1/cmss/bx/n' tried instead on input line 125.

LaTeX Font Info:    Trying to load font information for U+msa on input line 125
.

(C:\Users\Abdelazeem\AppData\Local\Programs\MiKTeX\tex/latex/amsfonts\umsa.fd
File: umsa.fd 2013/01/14 v3.01 AMS symbols A
)
LaTeX Font Info:    Trying to load font information for U+msb on input line 125
.

(C:\Users\Abdelazeem\AppData\Local\Programs\MiKTeX\tex/latex/amsfonts\umsb.fd
File: umsb.fd 2013/01/14 v3.01 AMS symbols B
)
<lib.png, id=222, 145.635pt x 79.716pt>
File: lib.png Graphic file (type png)
<use lib.png>
Package pdftex.def Info: lib.png  used on input line 125.
(pdftex.def)             Requested size: 55.31094pt x 30.27536pt.

[7

 <./lib.png>]
<SDC.png, id=258, 410.625pt x 204.984pt>
File: SDC.png Graphic file (type png)
<use SDC.png>
Package pdftex.def Info: SDC.png  used on input line 135.
(pdftex.def)             Requested size: 245.83282pt x 122.72234pt.
 [8

 <./SDC.png>]
<LEF_1.png, id=292, 156.147pt x 103.587pt>
File: LEF_1.png Graphic file (type png)
<use LEF_1.png>
Package pdftex.def Info: LEF_1.png  used on input line 164.
(pdftex.def)             Requested size: 64.53123pt x 42.81078pt.
<LEF.png, id=293, 307.476pt x 396.609pt>
File: LEF.png Graphic file (type png)
<use LEF.png>
Package pdftex.def Info: LEF.png  used on input line 164.
(pdftex.def)             Requested size: 122.9164pt x 158.55pt.

Overfull \hbox (4.55153pt too wide) detected at line 164
[][][] $[]$[][][][][][][][] $[]$[][][][][][] 
 []

[9

 <./LEF_1.png> <./LEF.png>] [10

]
<TF.png, id=360, 495.159pt x 445.008pt>
File: TF.png Graphic file (type png)
<use TF.png>
Package pdftex.def Info: TF.png  used on input line 188.
(pdftex.def)             Requested size: 215.10196pt x 193.31209pt.
 [11

 <./TF.png>]
<Time.png, id=394, 619.332pt x 269.151pt>
File: Time.png Graphic file (type png)
<use Time.png>
Package pdftex.def Info: Time.png  used on input line 199.
(pdftex.def)             Requested size: 184.3758pt x 80.12578pt.
 [12

 <./Time.png>]
<UDSM.png, id=428, 261.048pt x 200.385pt>
File: UDSM.png Graphic file (type png)
<use UDSM.png>
Package pdftex.def Info: UDSM.png  used on input line 217.
(pdftex.def)             Requested size: 129.06248pt x 99.07008pt.
<TLU.png, id=429, 346.02pt x 449.826pt>
File: TLU.png Graphic file (type png)
<use TLU.png>
Package pdftex.def Info: TLU.png  used on input line 217.
(pdftex.def)             Requested size: 122.9164pt x 159.78886pt.

Overfull \hbox (4.55153pt too wide) detected at line 217
[][][] $[]$[][][][][][][][] $[]$[][][][][][] 
 []

[13

 <./UDSM.png> <./TLU.png>]
<MAP.png, id=465, 662.694pt x 318.207pt>
File: MAP.png Graphic file (type png)
<use MAP.png>
Package pdftex.def Info: MAP.png  used on input line 225.
(pdftex.def)             Requested size: 307.28987pt x 147.552pt.
 [14

 <./MAP.png>]

! LaTeX Error: Unicode character  (U+000B)
               not set up for use with LaTeX.

See the LaTeX manual or LaTeX Companion for explanation.
Type  H <return>  for immediate help.
 ...                                              
                                                  
l.239 \end{frame}
                 
You may provide a definition with
\DeclareUnicodeCharacter 

<NET.png, id=499, 485.304pt x 186.369pt>
File: NET.png Graphic file (type png)
<use NET.png>
Package pdftex.def Info: NET.png  used on input line 239.
(pdftex.def)             Requested size: 122.91406pt x 47.20068pt.

! LaTeX Error: Unicode character  (U+000B)
               not set up for use with LaTeX.

See the LaTeX manual or LaTeX Companion for explanation.
Type  H <return>  for immediate help.
 ...                                              
                                                  
l.239 \end{frame}
                 
You may provide a definition with
\DeclareUnicodeCharacter 

[15

 <./NET.png>]
<ELMORE.png, id=533, 358.284pt x 256.887pt>
File: ELMORE.png Graphic file (type png)
<use ELMORE.png>
Package pdftex.def Info: ELMORE.png  used on input line 250.
(pdftex.def)             Requested size: 184.3758pt x 132.1944pt.


! LaTeX Error: Unicode character  (U+000B)
               not set up for use with LaTeX.

See the LaTeX manual or LaTeX Companion for explanation.
Type  H <return>  for immediate help.
 ...                                              
                                                  
l.250 \end{frame}
                 
You may provide a definition with
\DeclareUnicodeCharacter 

[16

 <./ELMORE.png>]
<Arnoldi.png, id=566, 421.575pt x 240.681pt>
File: Arnoldi.png Graphic file (type png)
<use Arnoldi.png>
Package pdftex.def Info: Arnoldi.png  used on input line 262.
(pdftex.def)             Requested size: 122.91406pt x 70.17029pt.
 [17

 <./Arnoldi.png>]
<Layout View.png, id=599, 160.80075pt x 244.5135pt>
File: Layout View.png Graphic file (type png)
<use Layout View.png>
Package pdftex.def Info: Layout View.png  used on input line 285.
(pdftex.def)             Requested size: 122.9164pt x 186.91043pt.

Overfull \hbox (4.55153pt too wide) detected at line 285
[][][] $[]$[][][][][][][][] $[]$[][][][][][] 
 []

[18

 <./Layout View.png>]
<Frame.png, id=635, 382.42876pt x 219.82124pt>
File: Frame.png Graphic file (type png)
<use Frame.png>
Package pdftex.def Info: Frame.png  used on input line 297.
(pdftex.def)             Requested size: 261.19826pt x 150.14394pt.
 [19

 <./Frame.png>]
<PnR.png, id=670, 361.95226pt x 130.68825pt>
File: PnR.png Graphic file (type png)
<use PnR.png>
Package pdftex.def Info: PnR.png  used on input line 318.
(pdftex.def)             Requested size: 199.73653pt x 72.12004pt.
 [20

 <./PnR.png>]
<TDP.png, id=704, 595.023pt x 217.029pt>
File: TDP.png Graphic file (type png)
<use TDP.png>
Package pdftex.def Info: TDP.png  used on input line 329.
(pdftex.def)             Requested size: 276.559pt x 100.87437pt.
 [21

 <./TDP.png>]
<CELL.png, id=738, 514.92375pt x 181.8795pt>
File: CELL.png Graphic file (type png)
<use CELL.png>
Package pdftex.def Info: CELL.png  used on input line 342.
(pdftex.def)             Requested size: 245.83282pt x 86.83214pt.

[22

 <./CELL.png>]
<VIA.png, id=772, 383.63326pt x 160.80075pt>
File: VIA.png Graphic file (type png)
<use VIA.png>
Package pdftex.def Info: VIA.png  used on input line 356.
(pdftex.def)             Requested size: 276.559pt x 115.9212pt.
 [23

 <./VIA.png>]
<routing.png, id=806, 205.9695pt x 188.50426pt>
File: routing.png Graphic file (type png)
<use routing.png>
Package pdftex.def Info: routing.png  used on input line 384.
(pdftex.def)             Requested size: 107.55098pt x 98.4312pt.

Overfull \hbox (4.55153pt too wide) detected at line 384
[][][] $[]$[][][][][][][][] $[]$[][][][][][] 
 []

[24

 <./routing.png>]
File: routing.png Graphic file (type png)
<use routing.png>
Package pdftex.def Info: routing.png  used on input line 384.
(pdftex.def)             Requested size: 107.55098pt x 98.4312pt.

Overfull \hbox (4.55153pt too wide) detected at line 384
[][][] $[]$[][][][][][][][] $[]$[][][][][][] 
 []

[25

]
<Tracks.png, id=873, 501.67426pt x 257.16075pt>
File: Tracks.png Graphic file (type png)
<use Tracks.png>
Package pdftex.def Info: Tracks.png  used on input line 400.
(pdftex.def)             Requested size: 215.10196pt x 110.25911pt.
 [26

 <./Tracks.png>]
<Rout-ability.png, id=907, 357.13425pt x 169.8345pt>
File: Rout-ability.png Graphic file (type png)
<use Rout-ability.png>
Package pdftex.def Info: Rout-ability.png  used on input line 418.
(pdftex.def)             Requested size: 215.10196pt x 102.29279pt.
 [27

 <./Rout-ability.png>]
<Logic.png, id=940, 391.4625pt x 211.992pt>
File: Logic.png Graphic file (type png)
<use Logic.png>
Package pdftex.def Info: Logic.png  used on input line 426.
(pdftex.def)             Requested size: 245.83282pt x 133.12866pt.
 [28

 <./Logic.png>]
<INV.png, id=973, 299.9205pt x 145.7445pt>
File: INV.png Graphic file (type png)
<use INV.png>
Package pdftex.def Info: INV.png  used on input line 440.
(pdftex.def)             Requested size: 245.83282pt x 119.46455pt.
 [29

 <./INV.png>]
<Inverter.png, id=1008, 457.71pt x 204.765pt>
File: Inverter.png Graphic file (type png)
<use Inverter.png>
Package pdftex.def Info: Inverter.png  used on input line 453.
(pdftex.def)             Requested size: 245.83282pt x 109.97778pt.
 [30

 <./Inverter.png>]
<Devices.png, id=1042, 240.9pt x 143.3355pt>
File: Devices.png Graphic file (type png)
<use Devices.png>
Package pdftex.def Info: Devices.png  used on input line 491.
(pdftex.def)             Requested size: 76.82246pt x 45.70862pt.
 [31

 <./Devices.png>]
<CMOS.png, id=1078, 445.665pt x 251.7405pt>
File: CMOS.png Graphic file (type png)
<use CMOS.png>
Package pdftex.def Info: CMOS.png  used on input line 501.
(pdftex.def)             Requested size: 245.83282pt x 138.86102pt.
 [32

 <./CMOS.png>]
<wafer.png, id=1112, 644.4075pt x 227.6505pt>
File: wafer.png Graphic file (type png)
<use wafer.png>
Package pdftex.def Info: wafer.png  used on input line 518.
(pdftex.def)             Requested size: 215.10196pt x 75.98982pt.
 [33

 <./wafer.png>]
<Polygons.png, id=1146, 519.1395pt x 314.97675pt>
File: Polygons.png Graphic file (type png)
<use Polygons.png>
Package pdftex.def Info: Polygons.png  used on input line 527.
(pdftex.def)             Requested size: 276.559pt x 167.79716pt.
 [34

 <./Polygons.png>]
<Channel.png, id=1180, 510.10574pt x 248.72925pt>
File: Channel.png Graphic file (type png)
<use Channel.png>
Package pdftex.def Info: Channel.png  used on input line 543.
(pdftex.def)             Requested size: 153.64493pt x 74.91917pt.
 [35

 <./Channel.png>]
<Drive_strength.png, id=1214, 524.55975pt x 284.262pt>
File: Drive_strength.png Graphic file (type png)
<use Drive_strength.png>
Package pdftex.def Info: Drive_strength.png  used on input line 554.
(pdftex.def)             Requested size: 215.10196pt x 116.5655pt.
 [36

 <./Drive_strength.png>]
<Strengths.png, id=1248, 518.53725pt x 289.68225pt>
File: Strengths.png Graphic file (type png)
<use Strengths.png>
Package pdftex.def Info: Strengths.png  used on input line 566.
(pdftex.def)             Requested size: 215.10196pt x 120.16727pt.
[37

 <./Strengths.png>]
<Gate Drive.png, id=1283, 516.7305pt x 286.671pt>
File: Gate Drive.png Graphic file (type png)
<use Gate Drive.png>
Package pdftex.def Info: Gate Drive.png  used on input line 578.
(pdftex.def)             Requested size: 215.10196pt x 119.33368pt.
 [38

 <./Gate Drive.png>]
<Rules.png, id=1316, 533.5935pt x 329.43076pt>
File: Rules.png Graphic file (type png)
<use Rules.png>
Package pdftex.def Info: Rules.png  used on input line 585.
(pdftex.def)             Requested size: 307.28987pt x 189.72281pt.
 [39

 <./Rules.png>]
(Floorplanning.toc) [40

]
<Floorplanning1.png, id=1385, 448.67625pt x 260.172pt>
File: Floorplanning1.png Graphic file (type png)
<use Floorplanning1.png>
Package pdftex.def Info: Floorplanning1.png  used on input line 610.
(pdftex.def)             Requested size: 184.3758pt x 106.91336pt.
 [41

 <./Floorplanning1.png>] [42

]
<SITE.png, id=1451, 396.2805pt x 138.5175pt>
File: SITE.png Graphic file (type png)
<use SITE.png>
Package pdftex.def Info: SITE.png  used on input line 637.
(pdftex.def)             Requested size: 245.83282pt x 85.93068pt.
 [43

 <./SITE.png>]
[44

]
<Utilization.png, id=1517, 713.66624pt x 673.51625pt>
File: Utilization.png Graphic file (type png)
<use Utilization.png>
Package pdftex.def Info: Utilization.png  used on input line 687.
(pdftex.def)             Requested size: 122.9164pt x 115.99669pt.
 [45

 <./Utilization.png (PNG copy)>]
<aspectratio.png, id=1549, 1454.43375pt x 655.44875pt>
File: aspectratio.png Graphic file (type png)
<use aspectratio.png>
Package pdftex.def Info: aspectratio.png  used on input line 698.
(pdftex.def)             Requested size: 215.10196pt x 96.93288pt.
 [46

 <./aspectratio.png>] [47

]
<Pad-Limited.png, id=1614, 456.5055pt x 266.1945pt>
File: Pad-Limited.png Graphic file (type png)
<use Pad-Limited.png>
Package pdftex.def Info: Pad-Limited.png  used on input line 723.
(pdftex.def)             Requested size: 215.10196pt x 125.42825pt.
 [48

 <./Pad-Limited.png>]
<Core-Limited.png, id=1646, 460.72125pt x 287.27325pt>
File: Core-Limited.png Graphic file (type png)
<use Core-Limited.png>
Package pdftex.def Info: Core-Limited.png  used on input line 734.
(pdftex.def)             Requested size: 215.10196pt x 134.11984pt.
 [49

 <./Core-Limited.png>]
<Hard Macro.png, id=1679, 754.61925pt x 211.38976pt>
File: Hard Macro.png Graphic file (type png)
<use Hard Macro.png>
Package pdftex.def Info: Hard Macro.png  used on input line 752.
(pdftex.def)             Requested size: 276.559pt x 77.4711pt.
 [50

 <./Hard Macro.png>]
LaTeX Font Info:    Font shape `OT1/cmss/b/n' in size <10> not available
(Font)              Font shape `OT1/cmss/bx/n' tried instead on input line 774.

<before.png, id=1714, 191.187pt x 124.83pt>
File: before.png Graphic file (type png)
<use before.png>
Package pdftex.def Info: before.png  used on input line 774.
(pdftex.def)             Requested size: 122.9164pt x 80.25662pt.
<after.png, id=1715, 186.369pt x 124.83pt>
File: after.png Graphic file (type png)
<use after.png>
Package pdftex.def Info: after.png  used on input line 774.
(pdftex.def)             Requested size: 122.9164pt x 82.329pt.

Overfull \hbox (4.55153pt too wide) detected at line 774
[][][] $[]$[][][][][][][][] $[]$[][][][][][] 
 []

[51

 <./before.png> <./after.png>]
<Padding.png, id=1749, 312.951pt x 254.697pt>
File: Padding.png Graphic file (type png)
<use Padding.png>
Package pdftex.def Info: Padding.png  used on input line 800.
(pdftex.def)             Requested size: 153.64493pt x 125.04745pt.
 [52

 <./Padding.png>]
<keepout.png, id=1782, 575.313pt x 192.501pt>
File: keepout.png Graphic file (type png)
<use keepout.png>
Package pdftex.def Info: keepout.png  used on input line 809.
(pdftex.def)             Requested size: 307.28987pt x 102.82399pt.
 [53

 <./keepout.png>]
<Blockage.png, id=1815, 616.704pt x 318.207pt>
File: Blockage.png Graphic file (type png)
<use Blockage.png>
Package pdftex.def Info: Blockage.png  used on input line 815.
(pdftex.def)             Requested size: 307.28987pt x 158.5593pt.

[54

 <./Blockage.png>]
<RoutingBlockage.png, id=1848, 413.691pt x 249.879pt>
File: RoutingBlockage.png Graphic file (type png)
<use RoutingBlockage.png>
Package pdftex.def Info: RoutingBlockage.png  used on input line 829.
(pdftex.def)             Requested size: 153.64493pt x 92.80455pt.
 [55

 <./RoutingBlockage.png>]
<Macro3.png, id=1881, 763.05075pt x 375.20175pt>
File: Macro3.png Graphic file (type png)
<use Macro3.png>
Package pdftex.def Info: Macro3.png  used on input line 835.
(pdftex.def)             Requested size: 307.28987pt x 151.0971pt.
 [56

 <./Macro3.png>]
<pad.png, id=1913, 204.765pt x 301.125pt>
File: pad.png Graphic file (type png)
<use pad.png>
Package pdftex.def Info: pad.png  used on input line 856.
(pdftex.def)             Requested size: 122.9164pt x 180.76369pt.
 [57

 <./pad.png>]
<pin.png, id=1947, 534.141pt x 245.061pt>
File: pin.png Graphic file (type png)
<use pin.png>
Package pdftex.def Info: pin.png  used on input line 866.
(pdftex.def)             Requested size: 215.10196pt x 98.68826pt.
 [58

 <./pin.png>]
<partitioning.jpg, id=1980, 336.50719pt x 288.3272pt>
File: partitioning.jpg Graphic file (type jpg)
<use partitioning.jpg>
Package pdftex.def Info: partitioning.jpg  used on input line 884.
(pdftex.def)             Requested size: 129.06248pt x 110.58176pt.

Overfull \hbox (4.55623pt too wide) detected at line 884
[][][] $[]$[][][][][][][][] $[]$[][][][][][] 
 []

[59

 <./partitioning.jpg>]
LaTeX Font Info:    Trying to load font information for U+pzd on input line 886
.

(C:\Users\Abdelazeem\AppData\Local\Programs\MiKTeX\tex/latex/psnfss\upzd.fd
File: upzd.fd 2001/06/04 font definitions for U/pzd.
)
File: partitioning.jpg Graphic file (type jpg)
<use partitioning.jpg>
Package pdftex.def Info: partitioning.jpg  used on input line 906.
(pdftex.def)             Requested size: 129.06248pt x 110.58176pt.
LaTeX Font Info:    Trying to load font information for U+xnsh on input line 91
8.

(C:\Users\Abdelazeem\AppData\Local\Programs\MiKTeX\tex/latex/arabtex\uxnsh.fd
File: uxnsh.fd  1999/10/19 v3.10 ArabTeX Naskh extd. font definitions
)
LaTeX Font Info:    Font shape `U/xnsh/m/n' will be
(Font)              scaled to size 15.76802pt on input line 918.

Underfull \vbox (badness 10000) has occurred while \output is active []

 [60

]
[61]
\tf@nav=\write8
\openout8 = `Floorplanning.nav'.

\tf@toc=\write9
\openout9 = `Floorplanning.toc'.

\tf@snm=\write10
\openout10 = `Floorplanning.snm'.

 (Floorplanning.aux)

 *File List*
  beamer.cls    2022/09/13 v3.68 A class for typesetting presentations
beamerbasemodes.sty    
etoolbox.sty    2020/10/05 v2.5k e-TeX tools for LaTeX (JAW)
beamerbasedecode.sty    
   iftex.sty    2022/02/03 v1.0f TeX engine tests
beamerbaseoptions.sty    
  keyval.sty    2022/05/29 v1.15 key=value parser (DPC)
geometry.sty    2020/01/02 v5.9 Page Geometry
  ifvtex.sty    2019/10/25 v1.7 ifvtex legacy package. Use iftex instead.
geometry.cfg
 pgfmath.sty    
  pgfrcs.sty    2021/05/15 v3.1.9a (3.1.9a)
pgfrcs.code.tex
 pgfkeys.sty    
pgfkeys.code.tex
pgfmath.code.tex
  size11.clo    2021/10/04 v1.4n Standard LaTeX file (size option)
 pgfcore.sty    2021/05/15 v3.1.9a (3.1.9a)
graphicx.sty    2021/09/16 v1.2d Enhanced LaTeX Graphics (DPC,SPQR)
graphics.sty    2022/03/10 v1.4e Standard LaTeX Graphics (DPC,SPQR)
    trig.sty    2021/08/11 v1.11 sin cos tan (DPC)
graphics.cfg    2016/06/04 v1.11 sample graphics configuration
  pdftex.def    2022/09/22 v1.2b Graphics/color driver for pdftex
  pgfsys.sty    2021/05/15 v3.1.9a (3.1.9a)
pgfsys.code.tex
pgfsyssoftpath.code.tex    2021/05/15 v3.1.9a (3.1.9a)
pgfsysprotocol.code.tex    2021/05/15 v3.1.9a (3.1.9a)
  xcolor.sty    2022/06/12 v2.14 LaTeX color extensions (UK)
   color.cfg    2016/01/02 v1.6 sample color configuration
mathcolor.ltx
pgfcore.code.tex
 xxcolor.sty    2003/10/24 ver 0.1
atbegshi-ltx.sty    2021/01/10 v1.0c Emulation of the original atbegshi
package with kernel methods
hyperref.sty    2022-09-22 v7.00t Hypertext links for LaTeX
 ltxcmds.sty    2020-05-10 v1.25 LaTeX kernel commands for general use (HO)
pdftexcmds.sty    2020-06-27 v0.33 Utility functions of pdfTeX for LuaTeX (HO)
infwarerr.sty    2019/12/03 v1.5 Providing info/warning/error messages (HO)
kvsetkeys.sty    2022-10-05 v1.19 Key value parser (HO)
kvdefinekeys.sty    2019-12-19 v1.6 Define keys (HO)
pdfescape.sty    2019/12/09 v1.15 Implements pdfTeX's escape features (HO)
 hycolor.sty    2020-01-27 v1.10 Color options for hyperref/bookmark (HO)
letltxmacro.sty    2019/12/03 v1.6 Let assignment for LaTeX macros (HO)
 auxhook.sty    2019-12-17 v1.6 Hooks for auxiliary files (HO)
 nameref.sty    2022-05-17 v2.50 Cross-referencing by name of section
refcount.sty    2019/12/15 v3.6 Data extraction from label references (HO)
gettitlestring.sty    2019/12/15 v1.6 Cleanup title references (HO)
kvoptions.sty    2022-06-15 v3.15 Key value format for package options (HO)
  pd1enc.def    2022-09-22 v7.00t Hyperref: PDFDocEncoding definition (HO)
 intcalc.sty    2019/12/15 v1.3 Expandable calculations with integers (HO)
etexcmds.sty    2019/12/15 v1.7 Avoid name clashes with e-TeX commands (HO)
   puenc.def    2022-09-22 v7.00t Hyperref: PDF Unicode definition (HO)
     url.sty    2013/09/16  ver 3.4  Verb mode for urls, etc.
  bitset.sty    2019/12/09 v1.3 Handle bit-vector datatype (HO)
bigintcalc.sty    2019/12/15 v1.5 Expandable calculations on big integers (HO)
 hpdftex.def    2022-09-22 v7.00t Hyperref driver for pdfTeX
atveryend-ltx.sty    2020/08/19 v1.0a Emulation of the original atveryend packa
ge
with kernel methods
rerunfilecheck.sty    2022-07-10 v1.10 Rerun checks for auxiliary files (HO)
uniquecounter.sty    2019/12/15 v1.4 Provide unlimited unique counter (HO)
beamerbaserequires.sty    
beamerbasecompatibility.sty    
beamerbasefont.sty    
 amssymb.sty    2013/01/14 v3.01 AMS font symbols
amsfonts.sty    2013/01/14 v3.01 Basic AMSFonts support
sansmathaccent.sty    2020/01/31
scrlfile.sty    2022/10/12 v3.38 KOMA-Script package (file load hooks)
scrlfile-hook.sty    2022/10/12 v3.38 KOMA-Script package (using LaTeX hooks)
 scrlogo.sty    2022/10/12 v3.38 KOMA-Script package (logo)
beamerbasetranslator.sty    
translator.sty    2021-05-31 v1.12d Easy translation of strings in LaTeX
beamerbasemisc.sty    
beamerbasetwoscreens.sty    
beamerbaseoverlay.sty    
beamerbasetitle.sty    
beamerbasesection.sty    
beamerbaseframe.sty    
beamerbaseverbatim.sty    
beamerbaseframesize.sty    
beamerbaseframecomponents.sty    
beamerbasecolor.sty    
beamerbasenotes.sty    
beamerbasetoc.sty    
beamerbasetemplates.sty    
beamerbaseauxtemplates.sty    
beamerbaseboxes.sty    
beamerbaselocalstructure.sty    
enumerate.sty    2015/07/23 v3.00 enumerate extensions (DPC)
beamerbasenavigation.sty    
beamerbasetheorems.sty    
 amsmath.sty    2022/04/08 v2.17n AMS math features
 amstext.sty    2021/08/26 v2.01 AMS text
  amsgen.sty    1999/11/30 v2.0 generic functions
  amsbsy.sty    1999/11/29 v1.2d Bold Symbols
  amsopn.sty    2022/04/08 v2.04 operator names
  amsthm.sty    2020/05/29 v2.20.6
beamerbasethemes.sty    
beamerthemedefault.sty    
beamerfontthemedefault.sty    
beamercolorthemedefault.sty    
beamerinnerthemedefault.sty    
beamerouterthemedefault.sty    
beamerthemeLuebeck.sty    
beamerouterthemesplit.sty    
beamerinnerthemerectangles.sty    
beamercolorthemewhale.sty    
beamercolorthemeorchid.sty    
inputenc.sty    2021/02/14 v1.3d Input encoding file
  subfig.sty    2005/06/28 ver: 1.3 subfig package
 caption.sty    2022/03/01 v3.6b Customizing captions (AR)
caption3.sty    2022/03/17 v2.3b caption3 kernel (AR)
caption-beamer.sto    2022/01/06 v2.0c Adaption of the caption package to the b
eamer document classes (AR)
  utopia.sty    2020/03/25 PSNFSS-v9.3 (P.Dyballa) 
 arabtex.sty    2003/08/22  3.11 ArabTeX main module
 arabaux.sty    2003/05/21  3.11 auxiliary macros for ArabTeX
    acmd.sty    2003/08/20  3.11 Arabic command processing 
  afonts.sty    1995/11/16  3.04 define Naskh font 
 afonts2.sty    1998/10/19  3.10 define Naskh fonts for LaTeX2e
   ascan.sty    2003/08/22  3.11 standard ZDMG input encoding 
  aparse.sty    2003/05/26  3.11 get syllables 
  awrite.sty    2003/06/05  3.11 build output word 
xarbsymb.sty    1998/07/15  3.07 symbolic output encoding 
arabskel.sty    2000/06/04  3.10 character skeleton definitions 
xarbskel.sty    1999/07/17  3.09 character skeleton definitions 
  aboxes.sty    2003/05/28  3.11 build output boxes
arabtoks.sty    1999/07/17  3.09 ArabTeX CS token definitions 
arabchrs.sty    1998/07/11  3.07 letter token definitions 
   aligs.sty    2003/05/26  3.11 compute ligatures
 aoutput.sty    2000/06/04  3.10 build output lines
  abidir.sty    2003/08/22  3.11 bidirectional linebreaking
  atrans.sty    2003/06/14  3.11 generate the transliteration 
  alatex.sty    2003/05/04  3.11 ArabTeX extensions for LaTeX 
   afoot.sty    2003/05/12  3.11 ArabTeX footnotes
   abjad.sty    2003/04/26  3.11 abjad numerals 
  apatch.sty    2006/07/02  3.11s last minute patches 
  alists.sty    2003/04/26  3.11 inverted list macros
   asect.sty    2003/04/26  3.11 section macros for Arabic
   atabg.sty    1997/01/21  3.05 LaTeX tabbing macros for Arabic
    utf8.sty    2000/06/13  3.10 UTF-8 input encoding 
 utfcode.sty    2002/03/07  3.10a Arabic+Hebrew segment of UTF-8
beamerfontthemeprofessionalfonts.sty    
beamercolorthemestructure.sty    
l3backend-pdftex.def    2022-09-28 L3 backend support: PDF output (pdfTeX)
supp-pdf.mkii
epstopdf-base.sty    2020-01-24 v2.11 Base part for package epstopdf
epstopdf-sys.cfg    2021/03/18 v2.0 Configuration of epstopdf for MiKTeX
Floorplanning.out
Floorplanning.out
translator-basic-dictionary-English.dict    
translator-bibliography-dictionary-English.dict    
translator-environment-dictionary-English.dict    
translator-months-dictionary-English.dict    
translator-numbers-dictionary-English.dict    
translator-theorem-dictionary-English.dict    
  apatch.sty    2006/07/02  3.11s last minute patches 
    over.png    Graphic file (type png)
Datasetup.png    Graphic file (type png)
    umsa.fd    2013/01/14 v3.01 AMS symbols A
    umsb.fd    2013/01/14 v3.01 AMS symbols B
     lib.png    Graphic file (type png)
     SDC.png    Graphic file (type png)
   LEF_1.png    Graphic file (type png)
     LEF.png    Graphic file (type png)
      TF.png    Graphic file (type png)
    Time.png    Graphic file (type png)
    UDSM.png    Graphic file (type png)
     TLU.png    Graphic file (type png)
     MAP.png    Graphic file (type png)
     NET.png    Graphic file (type png)
  ELMORE.png    Graphic file (type png)
 Arnoldi.png    Graphic file (type png)
Layout View.png    Graphic file (type png)
   Frame.png    Graphic file (type png)
     PnR.png    Graphic file (type png)
     TDP.png    Graphic file (type png)
    CELL.png    Graphic file (type png)
     VIA.png    Graphic file (type png)
 routing.png    Graphic file (type png)
 routing.png    Graphic file (type png)
  Tracks.png    Graphic file (type png)
Rout-ability.png    Graphic file (type png)
   Logic.png    Graphic file (type png)
     INV.png    Graphic file (type png)
Inverter.png    Graphic file (type png)
 Devices.png    Graphic file (type png)
    CMOS.png    Graphic file (type png)
   wafer.png    Graphic file (type png)
Polygons.png    Graphic file (type png)
 Channel.png    Graphic file (type png)
Drive_strength.png    Graphic file (type png)
Strengths.png    Graphic file (type png)
Gate Drive.png    Graphic file (type png)
   Rules.png    Graphic file (type png)
Floorplanning1.png    Graphic file (type png)
    SITE.png    Graphic file (type png)
Utilization.png    Graphic file (type png)
aspectratio.png    Graphic file (type png)
Pad-Limited.png    Graphic file (type png)
Core-Limited.png    Graphic file (type png)
Hard Macro.png    Graphic file (type png)
  before.png    Graphic file (type png)
   after.png    Graphic file (type png)
 Padding.png    Graphic file (type png)
 keepout.png    Graphic file (type png)
Blockage.png    Graphic file (type png)
RoutingBlockage.png    Graphic file (type png)
  Macro3.png    Graphic file (type png)
     pad.png    Graphic file (type png)
     pin.png    Graphic file (type png)
partitioning.jpg    Graphic file (type jpg)
    upzd.fd    2001/06/04 font definitions for U/pzd.
partitioning.jpg    Graphic file (type jpg)
   uxnsh.fd     1999/10/19 v3.10 ArabTeX Naskh extd. font definitions
 ***********

Package rerunfilecheck Info: File `Floorplanning.out' has not changed.
(rerunfilecheck)             Checksum: D41D8CD98F00B204E9800998ECF8427E;0.
 )
(\end occurred inside a group at level 1)

### semi simple group (level 1) entered at line 67 (\begingroup)
### bottom level 
Here is how much of TeX's memory you used:
 27007 strings out of 475385
 518473 string characters out of 2774548
 812086 words of memory out of 3000000
 47654 multiletter control sequences out of 15000+600000
 479938 words of font info for 68 fonts, out of 8000000 for 9000
 1141 hyphenation exceptions out of 8191
 128i,16n,122p,419b,2689s stack positions out of 10000i,1000n,20000p,200000b,80000s
<C:/Users/Abdelazeem/AppData/Local/Programs/MiKTeX/fonts/type1/
public/amsfonts/cm/cmmi10.pfb><C:/Users/Abdelazeem/AppData/Local/Programs/MiKTe
X/fonts/type1/public/amsfonts/cm/cmr10.pfb><C:/Users/Abdelazeem/AppData/Local/P
rograms/MiKTeX/fonts/type1/public/amsfonts/cm/cmss10.pfb><C:/Users/Abdelazeem/A
ppData/Local/Programs/MiKTeX/fonts/type1/public/amsfonts/cm/cmss12.pfb><C:/User
s/Abdelazeem/AppData/Local/Programs/MiKTeX/fonts/type1/public/amsfonts/cm/cmss8
.pfb><C:/Users/Abdelazeem/AppData/Local/Programs/MiKTeX/fonts/type1/public/amsf
onts/cm/cmss9.pfb><C:/Users/Abdelazeem/AppData/Local/Programs/MiKTeX/fonts/type
1/public/amsfonts/cm/cmssbx10.pfb><C:/Users/Abdelazeem/AppData/Local/Programs/M
iKTeX/fonts/type1/urw/zapfding/uzdr.pfb><C:/Users/Abdelazeem/AppData/Local/Prog
rams/MiKTeX/fonts/type1/public/arabtex/xnsh14.pfb>
Output written on Floorplanning.pdf (61 pages, 7734334 bytes).
PDF statistics:
 2153 PDF objects out of 2487 (max. 8388607)
 132 named destinations out of 1000 (max. 500000)
 337 words of extra memory for PDF output out of 10000 (max. 10000000)

